2021-09-01 19:29:12,686 - INFO --- Logger - Msg: Publisher: onnected with RC = 0
2021-09-01 19:29:12,686 - INFO --- Logger - Msg: Publisher: Was already connected to MQTT. RC = 0
2021-09-01 19:29:13,707 - INFO --- Logger - Msg: Database sensors not exists. Creating db: sensors
2021-09-01 19:29:13,727 - INFO --- Logger - Msg: Catcher: Connected with RC = 0
2021-09-01 19:29:13,728 - INFO --- Logger - Msg: Catcher:  was already connected to MQTT. RC = 0
2021-09-01 19:29:17,465 - INFO --- Logger - Msg: SENT,Wrocław,/HYG,HYG,Wrocław,temperature,23
2021-09-01 19:29:17,472 - INFO --- Logger - Msg: SENT,Wrocław,/HYG,HYG,Wrocław,humidity,53
2021-09-01 19:29:17,479 - INFO --- Logger - Msg: RECEIVED,Wrocław,/HYG,HYG,Wrocław,temperature,23
2021-09-01 19:29:17,491 - INFO --- Logger - Msg: RECEIVED,Wrocław,/HYG,HYG,Wrocław,humidity,53
2021-09-01 19:29:18,476 - INFO --- Logger - Msg: SENT,Wrocław,/HYG,HYG,Wrocław,temperature,23
2021-09-01 19:29:18,485 - INFO --- Logger - Msg: SENT,Wrocław,/HYG,HYG,Wrocław,humidity,53
2021-09-01 19:29:18,495 - INFO --- Logger - Msg: RECEIVED,Wrocław,/HYG,HYG,Wrocław,temperature,23
2021-09-01 19:29:18,513 - INFO --- Logger - Msg: RECEIVED,Wrocław,/HYG,HYG,Wrocław,humidity,53
2021-09-01 19:29:19,744 - INFO --- Logger - Msg: SENT,Wrocław,/HYG,HYG,Wrocław,temperature,23
2021-09-01 19:29:19,749 - INFO --- Logger - Msg: SENT,Wrocław,/HYG,HYG,Wrocław,humidity,53
2021-09-01 19:29:19,756 - INFO --- Logger - Msg: RECEIVED,Wrocław,/HYG,HYG,Wrocław,temperature,23
2021-09-01 19:29:19,769 - INFO --- Logger - Msg: RECEIVED,Wrocław,/HYG,HYG,Wrocław,humidity,53
2021-09-01 19:29:20,751 - INFO --- Logger - Msg: SENT,Wrocław,/HYG,HYG,Wrocław,temperature,23
2021-09-01 19:29:20,756 - INFO --- Logger - Msg: SENT,Wrocław,/HYG,HYG,Wrocław,humidity,53
2021-09-01 19:29:20,764 - INFO --- Logger - Msg: RECEIVED,Wrocław,/HYG,HYG,Wrocław,temperature,23
2021-09-01 19:29:20,776 - INFO --- Logger - Msg: RECEIVED,Wrocław,/HYG,HYG,Wrocław,humidity,53
2021-09-01 19:29:22,015 - INFO --- Logger - Msg: SENT,Wrocław,/HYG,HYG,Wrocław,temperature,24
2021-09-01 19:29:22,019 - INFO --- Logger - Msg: SENT,Wrocław,/HYG,HYG,Wrocław,humidity,53
2021-09-01 19:29:22,027 - INFO --- Logger - Msg: RECEIVED,Wrocław,/HYG,HYG,Wrocław,temperature,24
2021-09-01 19:29:22,040 - INFO --- Logger - Msg: RECEIVED,Wrocław,/HYG,HYG,Wrocław,humidity,53
2021-09-01 19:29:23,022 - INFO --- Logger - Msg: SENT,Wrocław,/HYG,HYG,Wrocław,temperature,24
2021-09-01 19:29:23,023 - INFO --- Logger - Msg: SENT,Wrocław,/HYG,HYG,Wrocław,humidity,53
2021-09-01 19:29:23,042 - INFO --- Logger - Msg: RECEIVED,Wrocław,/HYG,HYG,Wrocław,temperature,24
2021-09-01 19:29:23,060 - INFO --- Logger - Msg: RECEIVED,Wrocław,/HYG,HYG,Wrocław,humidity,53
2021-09-01 19:29:24,283 - INFO --- Logger - Msg: SENT,Wrocław,/HYG,HYG,Wrocław,temperature,24
2021-09-01 19:29:24,288 - INFO --- Logger - Msg: SENT,Wrocław,/HYG,HYG,Wrocław,humidity,53
2021-09-01 19:29:24,296 - INFO --- Logger - Msg: RECEIVED,Wrocław,/HYG,HYG,Wrocław,temperature,24
2021-09-01 19:29:24,307 - INFO --- Logger - Msg: RECEIVED,Wrocław,/HYG,HYG,Wrocław,humidity,53
2021-09-01 19:29:25,291 - INFO --- Logger - Msg: SENT,Wrocław,/HYG,HYG,Wrocław,temperature,24
2021-09-01 19:29:25,296 - INFO --- Logger - Msg: SENT,Wrocław,/HYG,HYG,Wrocław,humidity,53
2021-09-01 19:29:25,302 - INFO --- Logger - Msg: RECEIVED,Wrocław,/HYG,HYG,Wrocław,temperature,24
2021-09-01 19:29:25,314 - INFO --- Logger - Msg: RECEIVED,Wrocław,/HYG,HYG,Wrocław,humidity,53
2021-09-01 19:29:26,555 - INFO --- Logger - Msg: SENT,Wrocław,/HYG,HYG,Wrocław,temperature,24
2021-09-01 19:29:26,560 - INFO --- Logger - Msg: SENT,Wrocław,/HYG,HYG,Wrocław,humidity,53
2021-09-01 19:29:26,569 - INFO --- Logger - Msg: RECEIVED,Wrocław,/HYG,HYG,Wrocław,temperature,24
2021-09-01 19:29:26,579 - INFO --- Logger - Msg: RECEIVED,Wrocław,/HYG,HYG,Wrocław,humidity,53
2021-09-01 19:29:27,562 - INFO --- Logger - Msg: SENT,Wrocław,/HYG,HYG,Wrocław,temperature,24
2021-09-01 19:29:27,567 - INFO --- Logger - Msg: SENT,Wrocław,/HYG,HYG,Wrocław,humidity,53
2021-09-01 19:29:27,574 - INFO --- Logger - Msg: RECEIVED,Wrocław,/HYG,HYG,Wrocław,temperature,24
2021-09-01 19:29:27,585 - INFO --- Logger - Msg: RECEIVED,Wrocław,/HYG,HYG,Wrocław,humidity,53
2021-09-01 19:29:28,828 - INFO --- Logger - Msg: SENT,Wrocław,/HYG,HYG,Wrocław,temperature,24
2021-09-01 19:29:28,832 - INFO --- Logger - Msg: SENT,Wrocław,/HYG,HYG,Wrocław,humidity,53
2021-09-01 19:29:28,876 - INFO --- Logger - Msg: RECEIVED,Wrocław,/HYG,HYG,Wrocław,temperature,24
2021-09-01 19:29:28,889 - INFO --- Logger - Msg: RECEIVED,Wrocław,/HYG,HYG,Wrocław,humidity,53
2021-09-01 19:29:29,835 - INFO --- Logger - Msg: SENT,Wrocław,/HYG,HYG,Wrocław,temperature,24
2021-09-01 19:29:29,837 - INFO --- Logger - Msg: SENT,Wrocław,/HYG,HYG,Wrocław,humidity,53
2021-09-01 19:29:29,858 - INFO --- Logger - Msg: RECEIVED,Wrocław,/HYG,HYG,Wrocław,temperature,24
2021-09-01 19:29:29,877 - INFO --- Logger - Msg: RECEIVED,Wrocław,/HYG,HYG,Wrocław,humidity,53
2021-09-01 19:29:32,101 - INFO --- Logger - Msg: SENT,Wrocław,/HYG,HYG,Wrocław,temperature,24
2021-09-01 19:29:32,104 - INFO --- Logger - Msg: SENT,Wrocław,/HYG,HYG,Wrocław,humidity,53
2021-09-01 19:29:32,120 - INFO --- Logger - Msg: RECEIVED,Wrocław,/HYG,HYG,Wrocław,temperature,24
2021-09-01 19:29:32,138 - INFO --- Logger - Msg: RECEIVED,Wrocław,/HYG,HYG,Wrocław,humidity,53
2021-09-01 19:29:33,368 - INFO --- Logger - Msg: SENT,Wrocław,/HYG,HYG,Wrocław,temperature,24
2021-09-01 19:29:33,369 - INFO --- Logger - Msg: SENT,Wrocław,/HYG,HYG,Wrocław,humidity,53
2021-09-01 19:29:33,382 - INFO --- Logger - Msg: RECEIVED,Wrocław,/HYG,HYG,Wrocław,temperature,24
2021-09-01 19:29:33,392 - INFO --- Logger - Msg: RECEIVED,Wrocław,/HYG,HYG,Wrocław,humidity,53
2021-09-01 19:29:34,372 - INFO --- Logger - Msg: SENT,Wrocław,/HYG,HYG,Wrocław,temperature,24
2021-09-01 19:29:34,379 - INFO --- Logger - Msg: SENT,Wrocław,/HYG,HYG,Wrocław,humidity,53
2021-09-01 19:29:34,392 - INFO --- Logger - Msg: RECEIVED,Wrocław,/HYG,HYG,Wrocław,temperature,24
2021-09-01 19:29:34,410 - INFO --- Logger - Msg: RECEIVED,Wrocław,/HYG,HYG,Wrocław,humidity,53
2021-09-01 19:29:35,639 - INFO --- Logger - Msg: SENT,Wrocław,/HYG,HYG,Wrocław,temperature,24
2021-09-01 19:29:35,640 - INFO --- Logger - Msg: SENT,Wrocław,/HYG,HYG,Wrocław,humidity,53
2021-09-01 19:29:35,654 - INFO --- Logger - Msg: RECEIVED,Wrocław,/HYG,HYG,Wrocław,temperature,24
2021-09-01 19:29:35,667 - INFO --- Logger - Msg: RECEIVED,Wrocław,/HYG,HYG,Wrocław,humidity,53
2021-09-01 19:29:36,643 - INFO --- Logger - Msg: SENT,Wrocław,/HYG,HYG,Wrocław,temperature,24
2021-09-01 19:29:36,650 - INFO --- Logger - Msg: SENT,Wrocław,/HYG,HYG,Wrocław,humidity,53
2021-09-01 19:29:36,662 - INFO --- Logger - Msg: RECEIVED,Wrocław,/HYG,HYG,Wrocław,temperature,24
2021-09-01 19:29:36,678 - INFO --- Logger - Msg: RECEIVED,Wrocław,/HYG,HYG,Wrocław,humidity,53
2021-09-01 19:29:37,911 - INFO --- Logger - Msg: SENT,Wrocław,/HYG,HYG,Wrocław,temperature,24
2021-09-01 19:29:37,916 - INFO --- Logger - Msg: SENT,Wrocław,/HYG,HYG,Wrocław,humidity,53
2021-09-01 19:29:37,923 - INFO --- Logger - Msg: RECEIVED,Wrocław,/HYG,HYG,Wrocław,temperature,24
2021-09-01 19:29:37,971 - INFO --- Logger - Msg: RECEIVED,Wrocław,/HYG,HYG,Wrocław,humidity,53
2021-09-01 19:29:38,918 - INFO --- Logger - Msg: SENT,Wrocław,/HYG,HYG,Wrocław,temperature,24
2021-09-01 19:29:38,923 - INFO --- Logger - Msg: SENT,Wrocław,/HYG,HYG,Wrocław,humidity,53
2021-09-01 19:29:38,931 - INFO --- Logger - Msg: RECEIVED,Wrocław,/HYG,HYG,Wrocław,temperature,24
2021-09-01 19:29:38,942 - INFO --- Logger - Msg: RECEIVED,Wrocław,/HYG,HYG,Wrocław,humidity,53
2021-09-01 19:29:40,182 - INFO --- Logger - Msg: SENT,Wrocław,/HYG,HYG,Wrocław,temperature,24
2021-09-01 19:29:40,186 - INFO --- Logger - Msg: SENT,Wrocław,/HYG,HYG,Wrocław,humidity,53
2021-09-01 19:29:40,195 - INFO --- Logger - Msg: RECEIVED,Wrocław,/HYG,HYG,Wrocław,temperature,24
2021-09-01 19:29:40,207 - INFO --- Logger - Msg: RECEIVED,Wrocław,/HYG,HYG,Wrocław,humidity,53
2021-09-01 19:29:41,190 - INFO --- Logger - Msg: SENT,Wrocław,/HYG,HYG,Wrocław,temperature,24
2021-09-01 19:29:41,197 - INFO --- Logger - Msg: SENT,Wrocław,/HYG,HYG,Wrocław,humidity,53
2021-09-01 19:29:41,210 - INFO --- Logger - Msg: RECEIVED,Wrocław,/HYG,HYG,Wrocław,temperature,24
2021-09-01 19:29:41,227 - INFO --- Logger - Msg: RECEIVED,Wrocław,/HYG,HYG,Wrocław,humidity,53
2021-09-01 19:29:42,458 - INFO --- Logger - Msg: SENT,Wrocław,/HYG,HYG,Wrocław,temperature,24
2021-09-01 19:29:42,462 - INFO --- Logger - Msg: SENT,Wrocław,/HYG,HYG,Wrocław,humidity,53
2021-09-01 19:29:42,469 - INFO --- Logger - Msg: RECEIVED,Wrocław,/HYG,HYG,Wrocław,temperature,24
2021-09-01 19:29:42,480 - INFO --- Logger - Msg: RECEIVED,Wrocław,/HYG,HYG,Wrocław,humidity,53
2021-09-01 19:29:43,466 - INFO --- Logger - Msg: SENT,Wrocław,/HYG,HYG,Wrocław,temperature,24
2021-09-01 19:29:43,473 - INFO --- Logger - Msg: SENT,Wrocław,/HYG,HYG,Wrocław,humidity,53
2021-09-01 19:29:43,484 - INFO --- Logger - Msg: RECEIVED,Wrocław,/HYG,HYG,Wrocław,temperature,24
2021-09-01 19:29:43,502 - INFO --- Logger - Msg: RECEIVED,Wrocław,/HYG,HYG,Wrocław,humidity,53
2021-09-01 19:29:44,734 - INFO --- Logger - Msg: SENT,Wrocław,/HYG,HYG,Wrocław,temperature,24
2021-09-01 19:29:44,738 - INFO --- Logger - Msg: SENT,Wrocław,/HYG,HYG,Wrocław,humidity,53
2021-09-01 19:29:44,747 - INFO --- Logger - Msg: RECEIVED,Wrocław,/HYG,HYG,Wrocław,temperature,24
2021-09-01 19:29:44,759 - INFO --- Logger - Msg: RECEIVED,Wrocław,/HYG,HYG,Wrocław,humidity,53
2021-09-01 19:29:45,741 - INFO --- Logger - Msg: SENT,Wrocław,/HYG,HYG,Wrocław,temperature,24
2021-09-01 19:29:45,748 - INFO --- Logger - Msg: SENT,Wrocław,/HYG,HYG,Wrocław,humidity,53
2021-09-01 19:29:45,758 - INFO --- Logger - Msg: RECEIVED,Wrocław,/HYG,HYG,Wrocław,temperature,24
2021-09-01 19:29:45,774 - INFO --- Logger - Msg: RECEIVED,Wrocław,/HYG,HYG,Wrocław,humidity,53
2021-09-01 19:29:47,008 - INFO --- Logger - Msg: SENT,Wrocław,/HYG,HYG,Wrocław,temperature,24
2021-09-01 19:29:47,013 - INFO --- Logger - Msg: SENT,Wrocław,/HYG,HYG,Wrocław,humidity,52
2021-09-01 19:29:47,024 - INFO --- Logger - Msg: RECEIVED,Wrocław,/HYG,HYG,Wrocław,temperature,24
2021-09-01 19:29:47,035 - INFO --- Logger - Msg: RECEIVED,Wrocław,/HYG,HYG,Wrocław,humidity,52
2021-09-01 19:29:48,016 - INFO --- Logger - Msg: SENT,Wrocław,/HYG,HYG,Wrocław,temperature,24
2021-09-01 19:29:48,021 - INFO --- Logger - Msg: SENT,Wrocław,/HYG,HYG,Wrocław,humidity,52
2021-09-01 19:29:48,030 - INFO --- Logger - Msg: RECEIVED,Wrocław,/HYG,HYG,Wrocław,temperature,24
2021-09-01 19:29:48,044 - INFO --- Logger - Msg: RECEIVED,Wrocław,/HYG,HYG,Wrocław,humidity,52
2021-09-01 19:29:50,282 - INFO --- Logger - Msg: SENT,Wrocław,/HYG,HYG,Wrocław,temperature,24
2021-09-01 19:29:50,290 - INFO --- Logger - Msg: SENT,Wrocław,/HYG,HYG,Wrocław,humidity,52
2021-09-01 19:29:50,299 - INFO --- Logger - Msg: RECEIVED,Wrocław,/HYG,HYG,Wrocław,temperature,24
2021-09-01 19:29:50,313 - INFO --- Logger - Msg: RECEIVED,Wrocław,/HYG,HYG,Wrocław,humidity,52
2021-09-01 19:29:51,551 - INFO --- Logger - Msg: SENT,Wrocław,/HYG,HYG,Wrocław,temperature,24
2021-09-01 19:29:51,556 - INFO --- Logger - Msg: SENT,Wrocław,/HYG,HYG,Wrocław,humidity,52
2021-09-01 19:29:51,564 - INFO --- Logger - Msg: RECEIVED,Wrocław,/HYG,HYG,Wrocław,temperature,24
2021-09-01 19:29:51,575 - INFO --- Logger - Msg: RECEIVED,Wrocław,/HYG,HYG,Wrocław,humidity,52
2021-09-01 19:29:52,559 - INFO --- Logger - Msg: SENT,Wrocław,/HYG,HYG,Wrocław,temperature,24
2021-09-01 19:29:52,564 - INFO --- Logger - Msg: SENT,Wrocław,/HYG,HYG,Wrocław,humidity,52
2021-09-01 19:29:52,572 - INFO --- Logger - Msg: RECEIVED,Wrocław,/HYG,HYG,Wrocław,temperature,24
2021-09-01 19:29:52,583 - INFO --- Logger - Msg: RECEIVED,Wrocław,/HYG,HYG,Wrocław,humidity,52
2021-09-01 19:29:53,824 - INFO --- Logger - Msg: SENT,Wrocław,/HYG,HYG,Wrocław,temperature,24
2021-09-01 19:29:53,829 - INFO --- Logger - Msg: SENT,Wrocław,/HYG,HYG,Wrocław,humidity,52
2021-09-01 19:29:53,838 - INFO --- Logger - Msg: RECEIVED,Wrocław,/HYG,HYG,Wrocław,temperature,24
2021-09-01 19:29:53,849 - INFO --- Logger - Msg: RECEIVED,Wrocław,/HYG,HYG,Wrocław,humidity,52
2021-09-01 19:29:54,833 - INFO --- Logger - Msg: SENT,Wrocław,/HYG,HYG,Wrocław,temperature,24
2021-09-01 19:29:54,839 - INFO --- Logger - Msg: SENT,Wrocław,/HYG,HYG,Wrocław,humidity,52
2021-09-01 19:29:54,847 - INFO --- Logger - Msg: RECEIVED,Wrocław,/HYG,HYG,Wrocław,temperature,24
2021-09-01 19:29:54,860 - INFO --- Logger - Msg: RECEIVED,Wrocław,/HYG,HYG,Wrocław,humidity,52
2021-09-01 19:29:56,114 - INFO --- Logger - Msg: SENT,Wrocław,/HYG,HYG,Wrocław,temperature,24
2021-09-01 19:29:56,121 - INFO --- Logger - Msg: SENT,Wrocław,/HYG,HYG,Wrocław,humidity,52
2021-09-01 19:29:56,128 - INFO --- Logger - Msg: RECEIVED,Wrocław,/HYG,HYG,Wrocław,temperature,24
2021-09-01 19:29:56,140 - INFO --- Logger - Msg: RECEIVED,Wrocław,/HYG,HYG,Wrocław,humidity,52
2021-09-01 19:29:57,125 - INFO --- Logger - Msg: SENT,Wrocław,/HYG,HYG,Wrocław,temperature,24
2021-09-01 19:29:57,129 - INFO --- Logger - Msg: SENT,Wrocław,/HYG,HYG,Wrocław,humidity,52
2021-09-01 19:29:57,176 - INFO --- Logger - Msg: RECEIVED,Wrocław,/HYG,HYG,Wrocław,temperature,24
2021-09-01 19:29:57,188 - INFO --- Logger - Msg: RECEIVED,Wrocław,/HYG,HYG,Wrocław,humidity,52
2021-09-01 19:29:58,389 - INFO --- Logger - Msg: SENT,Wrocław,/HYG,HYG,Wrocław,temperature,24
2021-09-01 19:29:58,395 - INFO --- Logger - Msg: SENT,Wrocław,/HYG,HYG,Wrocław,humidity,52
2021-09-01 19:29:58,402 - INFO --- Logger - Msg: RECEIVED,Wrocław,/HYG,HYG,Wrocław,temperature,24
2021-09-01 19:29:58,416 - INFO --- Logger - Msg: RECEIVED,Wrocław,/HYG,HYG,Wrocław,humidity,52
2021-09-01 19:29:59,397 - INFO --- Logger - Msg: SENT,Wrocław,/HYG,HYG,Wrocław,temperature,24
2021-09-01 19:29:59,402 - INFO --- Logger - Msg: SENT,Wrocław,/HYG,HYG,Wrocław,humidity,52
2021-09-01 19:29:59,412 - INFO --- Logger - Msg: RECEIVED,Wrocław,/HYG,HYG,Wrocław,temperature,24
2021-09-01 19:29:59,425 - INFO --- Logger - Msg: RECEIVED,Wrocław,/HYG,HYG,Wrocław,humidity,52
2021-09-01 19:30:01,660 - INFO --- Logger - Msg: SENT,Wrocław,/HYG,HYG,Wrocław,temperature,24
2021-09-01 19:30:01,661 - INFO --- Logger - Msg: SENT,Wrocław,/HYG,HYG,Wrocław,humidity,52
2021-09-01 19:30:01,673 - INFO --- Logger - Msg: RECEIVED,Wrocław,/HYG,HYG,Wrocław,temperature,24
2021-09-01 19:30:01,684 - INFO --- Logger - Msg: RECEIVED,Wrocław,/HYG,HYG,Wrocław,humidity,52
2021-09-01 19:30:03,922 - INFO --- Logger - Msg: SENT,Wrocław,/HYG,HYG,Wrocław,temperature,24
2021-09-01 19:30:03,934 - INFO --- Logger - Msg: SENT,Wrocław,/HYG,HYG,Wrocław,humidity,52
2021-09-01 19:30:03,941 - INFO --- Logger - Msg: RECEIVED,Wrocław,/HYG,HYG,Wrocław,temperature,24
2021-09-01 19:30:03,961 - INFO --- Logger - Msg: RECEIVED,Wrocław,/HYG,HYG,Wrocław,humidity,52
2021-09-01 19:30:05,193 - INFO --- Logger - Msg: SENT,Wrocław,/HYG,HYG,Wrocław,temperature,24
2021-09-01 19:30:05,194 - INFO --- Logger - Msg: SENT,Wrocław,/HYG,HYG,Wrocław,humidity,52
2021-09-01 19:30:05,205 - INFO --- Logger - Msg: RECEIVED,Wrocław,/HYG,HYG,Wrocław,temperature,24
2021-09-01 19:30:05,216 - INFO --- Logger - Msg: RECEIVED,Wrocław,/HYG,HYG,Wrocław,humidity,52
2021-09-01 19:30:06,200 - INFO --- Logger - Msg: SENT,Wrocław,/HYG,HYG,Wrocław,temperature,24
2021-09-01 19:30:06,208 - INFO --- Logger - Msg: SENT,Wrocław,/HYG,HYG,Wrocław,humidity,52
2021-09-01 19:30:06,220 - INFO --- Logger - Msg: RECEIVED,Wrocław,/HYG,HYG,Wrocław,temperature,24
2021-09-01 19:30:06,237 - INFO --- Logger - Msg: RECEIVED,Wrocław,/HYG,HYG,Wrocław,humidity,52
2021-09-01 19:30:08,474 - INFO --- Logger - Msg: SENT,Wrocław,/HYG,HYG,Wrocław,temperature,24
2021-09-01 19:30:08,475 - INFO --- Logger - Msg: SENT,Wrocław,/HYG,HYG,Wrocław,humidity,52
2021-09-01 19:30:08,495 - INFO --- Logger - Msg: RECEIVED,Wrocław,/HYG,HYG,Wrocław,temperature,24
2021-09-01 19:30:08,546 - INFO --- Logger - Msg: RECEIVED,Wrocław,/HYG,HYG,Wrocław,humidity,52
2021-09-01 19:30:09,738 - INFO --- Logger - Msg: SENT,Wrocław,/HYG,HYG,Wrocław,temperature,24
2021-09-01 19:30:09,739 - INFO --- Logger - Msg: SENT,Wrocław,/HYG,HYG,Wrocław,humidity,52
2021-09-01 19:30:09,755 - INFO --- Logger - Msg: RECEIVED,Wrocław,/HYG,HYG,Wrocław,temperature,24
2021-09-01 19:30:09,767 - INFO --- Logger - Msg: RECEIVED,Wrocław,/HYG,HYG,Wrocław,humidity,52
2021-09-01 19:30:10,742 - INFO --- Logger - Msg: SENT,Wrocław,/HYG,HYG,Wrocław,temperature,24
2021-09-01 19:30:10,750 - INFO --- Logger - Msg: SENT,Wrocław,/HYG,HYG,Wrocław,humidity,52
2021-09-01 19:30:10,765 - INFO --- Logger - Msg: RECEIVED,Wrocław,/HYG,HYG,Wrocław,temperature,24
2021-09-01 19:30:10,784 - INFO --- Logger - Msg: RECEIVED,Wrocław,/HYG,HYG,Wrocław,humidity,52
2021-09-01 19:30:13,011 - INFO --- Logger - Msg: SENT,Wrocław,/HYG,HYG,Wrocław,temperature,24
2021-09-01 19:30:13,019 - INFO --- Logger - Msg: SENT,Wrocław,/HYG,HYG,Wrocław,humidity,52
2021-09-01 19:30:13,032 - INFO --- Logger - Msg: RECEIVED,Wrocław,/HYG,HYG,Wrocław,temperature,24
2021-09-01 19:30:13,050 - INFO --- Logger - Msg: RECEIVED,Wrocław,/HYG,HYG,Wrocław,humidity,52
2021-09-01 19:30:14,279 - INFO --- Logger - Msg: SENT,Wrocław,/HYG,HYG,Wrocław,temperature,24
2021-09-01 19:30:14,283 - INFO --- Logger - Msg: SENT,Wrocław,/HYG,HYG,Wrocław,humidity,52
2021-09-01 19:30:14,328 - INFO --- Logger - Msg: RECEIVED,Wrocław,/HYG,HYG,Wrocław,temperature,24
2021-09-01 19:30:14,340 - INFO --- Logger - Msg: RECEIVED,Wrocław,/HYG,HYG,Wrocław,humidity,52
2021-09-01 19:30:15,285 - INFO --- Logger - Msg: SENT,Wrocław,/HYG,HYG,Wrocław,temperature,24
2021-09-01 19:30:15,288 - INFO --- Logger - Msg: SENT,Wrocław,/HYG,HYG,Wrocław,humidity,52
2021-09-01 19:30:15,309 - INFO --- Logger - Msg: RECEIVED,Wrocław,/HYG,HYG,Wrocław,temperature,24
2021-09-01 19:30:15,327 - INFO --- Logger - Msg: RECEIVED,Wrocław,/HYG,HYG,Wrocław,humidity,52
2021-09-01 19:30:16,553 - INFO --- Logger - Msg: SENT,Wrocław,/HYG,HYG,Wrocław,temperature,24
2021-09-01 19:30:16,554 - INFO --- Logger - Msg: SENT,Wrocław,/HYG,HYG,Wrocław,humidity,52
2021-09-01 19:30:16,567 - INFO --- Logger - Msg: RECEIVED,Wrocław,/HYG,HYG,Wrocław,temperature,24
2021-09-01 19:30:16,579 - INFO --- Logger - Msg: RECEIVED,Wrocław,/HYG,HYG,Wrocław,humidity,52
2021-09-01 19:30:17,559 - INFO --- Logger - Msg: SENT,Wrocław,/HYG,HYG,Wrocław,temperature,24
2021-09-01 19:30:17,561 - INFO --- Logger - Msg: SENT,Wrocław,/HYG,HYG,Wrocław,humidity,52
2021-09-01 19:30:17,582 - INFO --- Logger - Msg: RECEIVED,Wrocław,/HYG,HYG,Wrocław,temperature,24
2021-09-01 19:30:17,601 - INFO --- Logger - Msg: RECEIVED,Wrocław,/HYG,HYG,Wrocław,humidity,52
2021-09-01 19:30:19,821 - INFO --- Logger - Msg: SENT,Wrocław,/HYG,HYG,Wrocław,temperature,24
2021-09-01 19:30:19,823 - INFO --- Logger - Msg: SENT,Wrocław,/HYG,HYG,Wrocław,humidity,52
2021-09-01 19:30:19,841 - INFO --- Logger - Msg: RECEIVED,Wrocław,/HYG,HYG,Wrocław,temperature,24
2021-09-01 19:30:19,858 - INFO --- Logger - Msg: RECEIVED,Wrocław,/HYG,HYG,Wrocław,humidity,52
2021-09-01 19:30:21,088 - INFO --- Logger - Msg: SENT,Wrocław,/HYG,HYG,Wrocław,temperature,24
2021-09-01 19:30:21,092 - INFO --- Logger - Msg: SENT,Wrocław,/HYG,HYG,Wrocław,humidity,52
2021-09-01 19:30:21,098 - INFO --- Logger - Msg: RECEIVED,Wrocław,/HYG,HYG,Wrocław,temperature,24
2021-09-01 19:30:21,112 - INFO --- Logger - Msg: RECEIVED,Wrocław,/HYG,HYG,Wrocław,humidity,52
2021-09-01 19:30:22,095 - INFO --- Logger - Msg: SENT,Wrocław,/HYG,HYG,Wrocław,temperature,24
2021-09-01 19:30:22,104 - INFO --- Logger - Msg: SENT,Wrocław,/HYG,HYG,Wrocław,humidity,52
2021-09-01 19:30:22,115 - INFO --- Logger - Msg: RECEIVED,Wrocław,/HYG,HYG,Wrocław,temperature,24
2021-09-01 19:30:22,134 - INFO --- Logger - Msg: RECEIVED,Wrocław,/HYG,HYG,Wrocław,humidity,52
2021-09-01 19:30:23,364 - INFO --- Logger - Msg: SENT,Wrocław,/HYG,HYG,Wrocław,temperature,24
2021-09-01 19:30:23,369 - INFO --- Logger - Msg: SENT,Wrocław,/HYG,HYG,Wrocław,humidity,52
2021-09-01 19:30:23,376 - INFO --- Logger - Msg: RECEIVED,Wrocław,/HYG,HYG,Wrocław,temperature,24
2021-09-01 19:30:23,387 - INFO --- Logger - Msg: RECEIVED,Wrocław,/HYG,HYG,Wrocław,humidity,52
2021-09-01 19:30:24,371 - INFO --- Logger - Msg: SENT,Wrocław,/HYG,HYG,Wrocław,temperature,24
2021-09-01 19:30:24,373 - INFO --- Logger - Msg: SENT,Wrocław,/HYG,HYG,Wrocław,humidity,52
2021-09-01 19:30:24,393 - INFO --- Logger - Msg: RECEIVED,Wrocław,/HYG,HYG,Wrocław,temperature,24
2021-09-01 19:30:24,410 - INFO --- Logger - Msg: RECEIVED,Wrocław,/HYG,HYG,Wrocław,humidity,52
2021-09-01 19:30:25,639 - INFO --- Logger - Msg: SENT,Wrocław,/HYG,HYG,Wrocław,temperature,24
2021-09-01 19:30:25,643 - INFO --- Logger - Msg: SENT,Wrocław,/HYG,HYG,Wrocław,humidity,52
2021-09-01 19:30:25,688 - INFO --- Logger - Msg: RECEIVED,Wrocław,/HYG,HYG,Wrocław,temperature,24
2021-09-01 19:30:25,700 - INFO --- Logger - Msg: RECEIVED,Wrocław,/HYG,HYG,Wrocław,humidity,52
2021-09-01 19:30:26,646 - INFO --- Logger - Msg: SENT,Wrocław,/HYG,HYG,Wrocław,temperature,24
2021-09-01 19:30:26,647 - INFO --- Logger - Msg: SENT,Wrocław,/HYG,HYG,Wrocław,humidity,52
2021-09-01 19:30:26,668 - INFO --- Logger - Msg: RECEIVED,Wrocław,/HYG,HYG,Wrocław,temperature,24
2021-09-01 19:30:26,688 - INFO --- Logger - Msg: RECEIVED,Wrocław,/HYG,HYG,Wrocław,humidity,52
2021-09-01 19:30:27,912 - INFO --- Logger - Msg: SENT,Wrocław,/HYG,HYG,Wrocław,temperature,24
2021-09-01 19:30:27,916 - INFO --- Logger - Msg: SENT,Wrocław,/HYG,HYG,Wrocław,humidity,52
2021-09-01 19:30:27,924 - INFO --- Logger - Msg: RECEIVED,Wrocław,/HYG,HYG,Wrocław,temperature,24
2021-09-01 19:30:27,935 - INFO --- Logger - Msg: RECEIVED,Wrocław,/HYG,HYG,Wrocław,humidity,52
2021-09-01 19:30:28,918 - INFO --- Logger - Msg: SENT,Wrocław,/HYG,HYG,Wrocław,temperature,24
2021-09-01 19:30:28,925 - INFO --- Logger - Msg: SENT,Wrocław,/HYG,HYG,Wrocław,humidity,52
2021-09-01 19:30:28,936 - INFO --- Logger - Msg: RECEIVED,Wrocław,/HYG,HYG,Wrocław,temperature,24
2021-09-01 19:30:28,955 - INFO --- Logger - Msg: RECEIVED,Wrocław,/HYG,HYG,Wrocław,humidity,52
2021-09-01 19:30:30,185 - INFO --- Logger - Msg: SENT,Wrocław,/HYG,HYG,Wrocław,temperature,24
2021-09-01 19:30:30,186 - INFO --- Logger - Msg: SENT,Wrocław,/HYG,HYG,Wrocław,humidity,52
2021-09-01 19:30:30,197 - INFO --- Logger - Msg: RECEIVED,Wrocław,/HYG,HYG,Wrocław,temperature,24
2021-09-01 19:30:30,211 - INFO --- Logger - Msg: RECEIVED,Wrocław,/HYG,HYG,Wrocław,humidity,52
2021-09-01 19:30:31,192 - INFO --- Logger - Msg: SENT,Wrocław,/HYG,HYG,Wrocław,temperature,24
2021-09-01 19:30:31,199 - INFO --- Logger - Msg: SENT,Wrocław,/HYG,HYG,Wrocław,humidity,52
2021-09-01 19:30:31,210 - INFO --- Logger - Msg: RECEIVED,Wrocław,/HYG,HYG,Wrocław,temperature,24
2021-09-01 19:30:31,227 - INFO --- Logger - Msg: RECEIVED,Wrocław,/HYG,HYG,Wrocław,humidity,52
2021-09-01 19:30:32,458 - INFO --- Logger - Msg: SENT,Wrocław,/HYG,HYG,Wrocław,temperature,24
2021-09-01 19:30:32,459 - INFO --- Logger - Msg: SENT,Wrocław,/HYG,HYG,Wrocław,humidity,52
2021-09-01 19:30:32,474 - INFO --- Logger - Msg: RECEIVED,Wrocław,/HYG,HYG,Wrocław,temperature,24
2021-09-01 19:30:32,487 - INFO --- Logger - Msg: RECEIVED,Wrocław,/HYG,HYG,Wrocław,humidity,52
2021-09-01 19:30:33,461 - INFO --- Logger - Msg: SENT,Wrocław,/HYG,HYG,Wrocław,temperature,24
2021-09-01 19:30:33,468 - INFO --- Logger - Msg: SENT,Wrocław,/HYG,HYG,Wrocław,humidity,52
2021-09-01 19:30:33,515 - INFO --- Logger - Msg: RECEIVED,Wrocław,/HYG,HYG,Wrocław,temperature,24
2021-09-01 19:30:33,529 - INFO --- Logger - Msg: RECEIVED,Wrocław,/HYG,HYG,Wrocław,humidity,52
2021-09-01 19:30:34,728 - INFO --- Logger - Msg: SENT,Wrocław,/HYG,HYG,Wrocław,temperature,24
2021-09-01 19:30:34,732 - INFO --- Logger - Msg: SENT,Wrocław,/HYG,HYG,Wrocław,humidity,52
2021-09-01 19:30:34,740 - INFO --- Logger - Msg: RECEIVED,Wrocław,/HYG,HYG,Wrocław,temperature,24
2021-09-01 19:30:34,751 - INFO --- Logger - Msg: RECEIVED,Wrocław,/HYG,HYG,Wrocław,humidity,52
2021-09-01 19:30:35,736 - INFO --- Logger - Msg: SENT,Wrocław,/HYG,HYG,Wrocław,temperature,24
2021-09-01 19:30:35,745 - INFO --- Logger - Msg: SENT,Wrocław,/HYG,HYG,Wrocław,humidity,52
2021-09-01 19:30:35,756 - INFO --- Logger - Msg: RECEIVED,Wrocław,/HYG,HYG,Wrocław,temperature,24
2021-09-01 19:30:35,773 - INFO --- Logger - Msg: RECEIVED,Wrocław,/HYG,HYG,Wrocław,humidity,52
2021-09-01 19:30:37,005 - INFO --- Logger - Msg: SENT,Wrocław,/HYG,HYG,Wrocław,temperature,24
2021-09-01 19:30:37,009 - INFO --- Logger - Msg: SENT,Wrocław,/HYG,HYG,Wrocław,humidity,52
2021-09-01 19:30:37,019 - INFO --- Logger - Msg: RECEIVED,Wrocław,/HYG,HYG,Wrocław,temperature,24
2021-09-01 19:30:37,031 - INFO --- Logger - Msg: RECEIVED,Wrocław,/HYG,HYG,Wrocław,humidity,52
2021-09-01 19:30:38,012 - INFO --- Logger - Msg: SENT,Wrocław,/HYG,HYG,Wrocław,temperature,24
2021-09-01 19:30:38,015 - INFO --- Logger - Msg: SENT,Wrocław,/HYG,HYG,Wrocław,humidity,52
2021-09-01 19:30:38,023 - INFO --- Logger - Msg: RECEIVED,Wrocław,/HYG,HYG,Wrocław,temperature,24
2021-09-01 19:30:38,035 - INFO --- Logger - Msg: RECEIVED,Wrocław,/HYG,HYG,Wrocław,humidity,52
2021-09-01 19:30:39,275 - INFO --- Logger - Msg: SENT,Wrocław,/HYG,HYG,Wrocław,temperature,24
2021-09-01 19:30:39,280 - INFO --- Logger - Msg: SENT,Wrocław,/HYG,HYG,Wrocław,humidity,52
2021-09-01 19:30:39,287 - INFO --- Logger - Msg: RECEIVED,Wrocław,/HYG,HYG,Wrocław,temperature,24
2021-09-01 19:30:39,298 - INFO --- Logger - Msg: RECEIVED,Wrocław,/HYG,HYG,Wrocław,humidity,52
2021-09-01 19:30:40,282 - INFO --- Logger - Msg: SENT,Wrocław,/HYG,HYG,Wrocław,temperature,24
2021-09-01 19:30:40,286 - INFO --- Logger - Msg: SENT,Wrocław,/HYG,HYG,Wrocław,humidity,52
2021-09-01 19:30:40,295 - INFO --- Logger - Msg: RECEIVED,Wrocław,/HYG,HYG,Wrocław,temperature,24
2021-09-01 19:30:40,306 - INFO --- Logger - Msg: RECEIVED,Wrocław,/HYG,HYG,Wrocław,humidity,52
2021-09-01 19:30:41,546 - INFO --- Logger - Msg: SENT,Wrocław,/HYG,HYG,Wrocław,temperature,24
2021-09-01 19:30:41,552 - INFO --- Logger - Msg: SENT,Wrocław,/HYG,HYG,Wrocław,humidity,52
2021-09-01 19:30:41,593 - INFO --- Logger - Msg: RECEIVED,Wrocław,/HYG,HYG,Wrocław,temperature,24
2021-09-01 19:30:41,605 - INFO --- Logger - Msg: RECEIVED,Wrocław,/HYG,HYG,Wrocław,humidity,52
2021-09-01 19:30:42,556 - INFO --- Logger - Msg: SENT,Wrocław,/HYG,HYG,Wrocław,temperature,24
2021-09-01 19:30:42,564 - INFO --- Logger - Msg: SENT,Wrocław,/HYG,HYG,Wrocław,humidity,52
2021-09-01 19:30:42,575 - INFO --- Logger - Msg: RECEIVED,Wrocław,/HYG,HYG,Wrocław,temperature,24
2021-09-01 19:30:42,592 - INFO --- Logger - Msg: RECEIVED,Wrocław,/HYG,HYG,Wrocław,humidity,52
2021-09-01 19:30:43,824 - INFO --- Logger - Msg: SENT,Wrocław,/HYG,HYG,Wrocław,temperature,24
2021-09-01 19:30:43,830 - INFO --- Logger - Msg: SENT,Wrocław,/HYG,HYG,Wrocław,humidity,52
2021-09-01 19:30:43,837 - INFO --- Logger - Msg: RECEIVED,Wrocław,/HYG,HYG,Wrocław,temperature,24
2021-09-01 19:30:43,849 - INFO --- Logger - Msg: RECEIVED,Wrocław,/HYG,HYG,Wrocław,humidity,52
2021-09-01 19:30:44,833 - INFO --- Logger - Msg: SENT,Wrocław,/HYG,HYG,Wrocław,temperature,24
2021-09-01 19:30:44,842 - INFO --- Logger - Msg: SENT,Wrocław,/HYG,HYG,Wrocław,humidity,52
2021-09-01 19:30:44,854 - INFO --- Logger - Msg: RECEIVED,Wrocław,/HYG,HYG,Wrocław,temperature,24
2021-09-01 19:30:44,873 - INFO --- Logger - Msg: RECEIVED,Wrocław,/HYG,HYG,Wrocław,humidity,52
2021-09-01 19:30:46,101 - INFO --- Logger - Msg: SENT,Wrocław,/HYG,HYG,Wrocław,temperature,24
2021-09-01 19:30:46,105 - INFO --- Logger - Msg: SENT,Wrocław,/HYG,HYG,Wrocław,humidity,52
2021-09-01 19:30:46,114 - INFO --- Logger - Msg: RECEIVED,Wrocław,/HYG,HYG,Wrocław,temperature,24
2021-09-01 19:30:46,124 - INFO --- Logger - Msg: RECEIVED,Wrocław,/HYG,HYG,Wrocław,humidity,52
2021-09-01 19:30:47,110 - INFO --- Logger - Msg: SENT,Wrocław,/HYG,HYG,Wrocław,temperature,24
2021-09-01 19:30:47,118 - INFO --- Logger - Msg: SENT,Wrocław,/HYG,HYG,Wrocław,humidity,52
2021-09-01 19:30:47,128 - INFO --- Logger - Msg: RECEIVED,Wrocław,/HYG,HYG,Wrocław,temperature,24
2021-09-01 19:30:47,146 - INFO --- Logger - Msg: RECEIVED,Wrocław,/HYG,HYG,Wrocław,humidity,52
2021-09-01 19:30:48,378 - INFO --- Logger - Msg: SENT,Wrocław,/HYG,HYG,Wrocław,temperature,24
2021-09-01 19:30:48,383 - INFO --- Logger - Msg: SENT,Wrocław,/HYG,HYG,Wrocław,humidity,52
2021-09-01 19:30:48,390 - INFO --- Logger - Msg: RECEIVED,Wrocław,/HYG,HYG,Wrocław,temperature,24
2021-09-01 19:30:48,402 - INFO --- Logger - Msg: RECEIVED,Wrocław,/HYG,HYG,Wrocław,humidity,52
2021-09-01 19:30:49,386 - INFO --- Logger - Msg: SENT,Wrocław,/HYG,HYG,Wrocław,temperature,24
2021-09-01 19:30:49,394 - INFO --- Logger - Msg: SENT,Wrocław,/HYG,HYG,Wrocław,humidity,52
2021-09-01 19:30:49,446 - INFO --- Logger - Msg: RECEIVED,Wrocław,/HYG,HYG,Wrocław,temperature,24
2021-09-01 19:30:49,470 - INFO --- Logger - Msg: RECEIVED,Wrocław,/HYG,HYG,Wrocław,humidity,52
2021-09-01 19:30:50,655 - INFO --- Logger - Msg: SENT,Wrocław,/HYG,HYG,Wrocław,temperature,24
2021-09-01 19:30:50,659 - INFO --- Logger - Msg: SENT,Wrocław,/HYG,HYG,Wrocław,humidity,52
2021-09-01 19:30:50,666 - INFO --- Logger - Msg: RECEIVED,Wrocław,/HYG,HYG,Wrocław,temperature,24
2021-09-01 19:30:50,677 - INFO --- Logger - Msg: RECEIVED,Wrocław,/HYG,HYG,Wrocław,humidity,52
2021-09-01 19:30:51,661 - INFO --- Logger - Msg: SENT,Wrocław,/HYG,HYG,Wrocław,temperature,24
2021-09-01 19:30:51,665 - INFO --- Logger - Msg: SENT,Wrocław,/HYG,HYG,Wrocław,humidity,52
2021-09-01 19:30:51,673 - INFO --- Logger - Msg: RECEIVED,Wrocław,/HYG,HYG,Wrocław,temperature,24
2021-09-01 19:30:51,683 - INFO --- Logger - Msg: RECEIVED,Wrocław,/HYG,HYG,Wrocław,humidity,52
2021-09-01 19:30:53,926 - INFO --- Logger - Msg: SENT,Wrocław,/HYG,HYG,Wrocław,temperature,24
2021-09-01 19:30:53,933 - INFO --- Logger - Msg: SENT,Wrocław,/HYG,HYG,Wrocław,humidity,52
2021-09-01 19:30:53,946 - INFO --- Logger - Msg: RECEIVED,Wrocław,/HYG,HYG,Wrocław,temperature,24
2021-09-01 19:30:53,963 - INFO --- Logger - Msg: RECEIVED,Wrocław,/HYG,HYG,Wrocław,humidity,52
2021-09-01 19:30:56,194 - INFO --- Logger - Msg: SENT,Wrocław,/HYG,HYG,Wrocław,temperature,24
2021-09-01 19:30:56,204 - INFO --- Logger - Msg: SENT,Wrocław,/HYG,HYG,Wrocław,humidity,52
2021-09-01 19:30:56,220 - INFO --- Logger - Msg: RECEIVED,Wrocław,/HYG,HYG,Wrocław,temperature,24
2021-09-01 19:30:56,279 - INFO --- Logger - Msg: RECEIVED,Wrocław,/HYG,HYG,Wrocław,humidity,52
2021-09-01 19:30:57,464 - INFO --- Logger - Msg: SENT,Wrocław,/HYG,HYG,Wrocław,temperature,24
2021-09-01 19:30:57,469 - INFO --- Logger - Msg: SENT,Wrocław,/HYG,HYG,Wrocław,humidity,52
2021-09-01 19:30:57,475 - INFO --- Logger - Msg: RECEIVED,Wrocław,/HYG,HYG,Wrocław,temperature,24
2021-09-01 19:30:57,487 - INFO --- Logger - Msg: RECEIVED,Wrocław,/HYG,HYG,Wrocław,humidity,52
2021-09-01 19:30:58,473 - INFO --- Logger - Msg: SENT,Wrocław,/HYG,HYG,Wrocław,temperature,24
2021-09-01 19:30:58,483 - INFO --- Logger - Msg: SENT,Wrocław,/HYG,HYG,Wrocław,humidity,52
2021-09-01 19:30:58,493 - INFO --- Logger - Msg: RECEIVED,Wrocław,/HYG,HYG,Wrocław,temperature,24
2021-09-01 19:30:58,514 - INFO --- Logger - Msg: RECEIVED,Wrocław,/HYG,HYG,Wrocław,humidity,52
2021-09-01 19:30:59,742 - INFO --- Logger - Msg: SENT,Wrocław,/HYG,HYG,Wrocław,temperature,24
2021-09-01 19:30:59,747 - INFO --- Logger - Msg: SENT,Wrocław,/HYG,HYG,Wrocław,humidity,52
2021-09-01 19:30:59,753 - INFO --- Logger - Msg: RECEIVED,Wrocław,/HYG,HYG,Wrocław,temperature,24
2021-09-01 19:30:59,765 - INFO --- Logger - Msg: RECEIVED,Wrocław,/HYG,HYG,Wrocław,humidity,52
2021-09-01 19:31:00,750 - INFO --- Logger - Msg: SENT,Wrocław,/HYG,HYG,Wrocław,temperature,24
2021-09-01 19:31:00,755 - INFO --- Logger - Msg: SENT,Wrocław,/HYG,HYG,Wrocław,humidity,52
2021-09-01 19:31:00,767 - INFO --- Logger - Msg: RECEIVED,Wrocław,/HYG,HYG,Wrocław,temperature,24
2021-09-01 19:31:00,783 - INFO --- Logger - Msg: RECEIVED,Wrocław,/HYG,HYG,Wrocław,humidity,52
2021-09-01 19:31:02,015 - INFO --- Logger - Msg: SENT,Wrocław,/HYG,HYG,Wrocław,temperature,24
2021-09-01 19:31:02,020 - INFO --- Logger - Msg: SENT,Wrocław,/HYG,HYG,Wrocław,humidity,51
2021-09-01 19:31:02,028 - INFO --- Logger - Msg: RECEIVED,Wrocław,/HYG,HYG,Wrocław,temperature,24
2021-09-01 19:31:02,041 - INFO --- Logger - Msg: RECEIVED,Wrocław,/HYG,HYG,Wrocław,humidity,51
2021-09-01 19:31:03,023 - INFO --- Logger - Msg: SENT,Wrocław,/HYG,HYG,Wrocław,temperature,24
2021-09-01 19:31:03,031 - INFO --- Logger - Msg: SENT,Wrocław,/HYG,HYG,Wrocław,humidity,51
2021-09-01 19:31:03,041 - INFO --- Logger - Msg: RECEIVED,Wrocław,/HYG,HYG,Wrocław,temperature,24
2021-09-01 19:31:03,060 - INFO --- Logger - Msg: RECEIVED,Wrocław,/HYG,HYG,Wrocław,humidity,51
2021-09-01 19:31:05,293 - INFO --- Logger - Msg: SENT,Wrocław,/HYG,HYG,Wrocław,temperature,24
2021-09-01 19:31:05,302 - INFO --- Logger - Msg: SENT,Wrocław,/HYG,HYG,Wrocław,humidity,51
2021-09-01 19:31:05,312 - INFO --- Logger - Msg: RECEIVED,Wrocław,/HYG,HYG,Wrocław,temperature,24
2021-09-01 19:31:05,365 - INFO --- Logger - Msg: RECEIVED,Wrocław,/HYG,HYG,Wrocław,humidity,51
2021-09-01 19:31:06,563 - INFO --- Logger - Msg: SENT,Wrocław,/HYG,HYG,Wrocław,temperature,24
2021-09-01 19:31:06,567 - INFO --- Logger - Msg: SENT,Wrocław,/HYG,HYG,Wrocław,humidity,52
2021-09-01 19:31:06,577 - INFO --- Logger - Msg: RECEIVED,Wrocław,/HYG,HYG,Wrocław,temperature,24
2021-09-01 19:31:06,588 - INFO --- Logger - Msg: RECEIVED,Wrocław,/HYG,HYG,Wrocław,humidity,52
2021-09-01 19:31:07,570 - INFO --- Logger - Msg: SENT,Wrocław,/HYG,HYG,Wrocław,temperature,24
2021-09-01 19:31:07,578 - INFO --- Logger - Msg: SENT,Wrocław,/HYG,HYG,Wrocław,humidity,52
2021-09-01 19:31:07,591 - INFO --- Logger - Msg: RECEIVED,Wrocław,/HYG,HYG,Wrocław,temperature,24
2021-09-01 19:31:07,610 - INFO --- Logger - Msg: RECEIVED,Wrocław,/HYG,HYG,Wrocław,humidity,52
2021-09-01 19:31:08,838 - INFO --- Logger - Msg: SENT,Wrocław,/HYG,HYG,Wrocław,temperature,24
2021-09-01 19:31:08,839 - INFO --- Logger - Msg: SENT,Wrocław,/HYG,HYG,Wrocław,humidity,52
2021-09-01 19:31:08,850 - INFO --- Logger - Msg: RECEIVED,Wrocław,/HYG,HYG,Wrocław,temperature,24
2021-09-01 19:31:08,861 - INFO --- Logger - Msg: RECEIVED,Wrocław,/HYG,HYG,Wrocław,humidity,52
2021-09-01 19:31:09,841 - INFO --- Logger - Msg: SENT,Wrocław,/HYG,HYG,Wrocław,temperature,24
2021-09-01 19:31:09,846 - INFO --- Logger - Msg: SENT,Wrocław,/HYG,HYG,Wrocław,humidity,52
2021-09-01 19:31:09,854 - INFO --- Logger - Msg: RECEIVED,Wrocław,/HYG,HYG,Wrocław,temperature,24
2021-09-01 19:31:09,865 - INFO --- Logger - Msg: RECEIVED,Wrocław,/HYG,HYG,Wrocław,humidity,52
2021-09-01 19:31:11,106 - INFO --- Logger - Msg: SENT,Wrocław,/HYG,HYG,Wrocław,temperature,24
2021-09-01 19:31:11,109 - INFO --- Logger - Msg: SENT,Wrocław,/HYG,HYG,Wrocław,humidity,52
2021-09-01 19:31:11,118 - INFO --- Logger - Msg: RECEIVED,Wrocław,/HYG,HYG,Wrocław,temperature,24
2021-09-01 19:31:11,132 - INFO --- Logger - Msg: RECEIVED,Wrocław,/HYG,HYG,Wrocław,humidity,52
2021-09-01 19:31:12,112 - INFO --- Logger - Msg: SENT,Wrocław,/HYG,HYG,Wrocław,temperature,24
2021-09-01 19:31:12,120 - INFO --- Logger - Msg: SENT,Wrocław,/HYG,HYG,Wrocław,humidity,52
2021-09-01 19:31:12,132 - INFO --- Logger - Msg: RECEIVED,Wrocław,/HYG,HYG,Wrocław,temperature,24
2021-09-01 19:31:12,189 - INFO --- Logger - Msg: RECEIVED,Wrocław,/HYG,HYG,Wrocław,humidity,52
2021-09-01 19:31:14,381 - INFO --- Logger - Msg: SENT,Wrocław,/HYG,HYG,Wrocław,temperature,24
2021-09-01 19:31:14,389 - INFO --- Logger - Msg: SENT,Wrocław,/HYG,HYG,Wrocław,humidity,52
2021-09-01 19:31:14,402 - INFO --- Logger - Msg: RECEIVED,Wrocław,/HYG,HYG,Wrocław,temperature,24
2021-09-01 19:31:14,417 - INFO --- Logger - Msg: RECEIVED,Wrocław,/HYG,HYG,Wrocław,humidity,52
2021-09-01 19:31:15,648 - INFO --- Logger - Msg: SENT,Wrocław,/HYG,HYG,Wrocław,temperature,24
2021-09-01 19:31:15,653 - INFO --- Logger - Msg: SENT,Wrocław,/HYG,HYG,Wrocław,humidity,52
2021-09-01 19:31:15,662 - INFO --- Logger - Msg: RECEIVED,Wrocław,/HYG,HYG,Wrocław,temperature,24
2021-09-01 19:31:15,672 - INFO --- Logger - Msg: RECEIVED,Wrocław,/HYG,HYG,Wrocław,humidity,52
2021-09-01 19:31:16,655 - INFO --- Logger - Msg: SENT,Wrocław,/HYG,HYG,Wrocław,temperature,24
2021-09-01 19:31:16,663 - INFO --- Logger - Msg: SENT,Wrocław,/HYG,HYG,Wrocław,humidity,52
2021-09-01 19:31:16,678 - INFO --- Logger - Msg: RECEIVED,Wrocław,/HYG,HYG,Wrocław,temperature,24
2021-09-01 19:31:16,698 - INFO --- Logger - Msg: RECEIVED,Wrocław,/HYG,HYG,Wrocław,humidity,52
2021-09-01 19:31:17,926 - INFO --- Logger - Msg: SENT,Wrocław,/HYG,HYG,Wrocław,temperature,24
2021-09-01 19:31:17,927 - INFO --- Logger - Msg: SENT,Wrocław,/HYG,HYG,Wrocław,humidity,51
2021-09-01 19:31:17,954 - INFO --- Logger - Msg: RECEIVED,Wrocław,/HYG,HYG,Wrocław,temperature,24
2021-09-01 19:31:17,967 - INFO --- Logger - Msg: RECEIVED,Wrocław,/HYG,HYG,Wrocław,humidity,51
2021-09-01 19:31:18,929 - INFO --- Logger - Msg: SENT,Wrocław,/HYG,HYG,Wrocław,temperature,24
2021-09-01 19:31:18,934 - INFO --- Logger - Msg: SENT,Wrocław,/HYG,HYG,Wrocław,humidity,51
2021-09-01 19:31:18,940 - INFO --- Logger - Msg: RECEIVED,Wrocław,/HYG,HYG,Wrocław,temperature,24
2021-09-01 19:31:18,952 - INFO --- Logger - Msg: RECEIVED,Wrocław,/HYG,HYG,Wrocław,humidity,51
2021-09-01 19:31:20,193 - INFO --- Logger - Msg: SENT,Wrocław,/HYG,HYG,Wrocław,temperature,24
2021-09-01 19:31:20,199 - INFO --- Logger - Msg: SENT,Wrocław,/HYG,HYG,Wrocław,humidity,51
2021-09-01 19:31:20,204 - INFO --- Logger - Msg: RECEIVED,Wrocław,/HYG,HYG,Wrocław,temperature,24
2021-09-01 19:31:20,216 - INFO --- Logger - Msg: RECEIVED,Wrocław,/HYG,HYG,Wrocław,humidity,51
2021-09-01 19:31:21,203 - INFO --- Logger - Msg: SENT,Wrocław,/HYG,HYG,Wrocław,temperature,24
2021-09-01 19:31:21,204 - INFO --- Logger - Msg: SENT,Wrocław,/HYG,HYG,Wrocław,humidity,51
2021-09-01 19:31:21,217 - INFO --- Logger - Msg: RECEIVED,Wrocław,/HYG,HYG,Wrocław,temperature,24
2021-09-01 19:31:21,253 - INFO --- Logger - Msg: RECEIVED,Wrocław,/HYG,HYG,Wrocław,humidity,51
2021-09-01 19:31:22,463 - INFO --- Logger - Msg: SENT,Wrocław,/HYG,HYG,Wrocław,temperature,24
2021-09-01 19:31:22,467 - INFO --- Logger - Msg: SENT,Wrocław,/HYG,HYG,Wrocław,humidity,51
2021-09-01 19:31:22,477 - INFO --- Logger - Msg: RECEIVED,Wrocław,/HYG,HYG,Wrocław,temperature,24
2021-09-01 19:31:22,487 - INFO --- Logger - Msg: RECEIVED,Wrocław,/HYG,HYG,Wrocław,humidity,51
2021-09-01 19:31:23,469 - INFO --- Logger - Msg: SENT,Wrocław,/HYG,HYG,Wrocław,temperature,24
2021-09-01 19:31:23,472 - INFO --- Logger - Msg: SENT,Wrocław,/HYG,HYG,Wrocław,humidity,51
2021-09-01 19:31:23,489 - INFO --- Logger - Msg: RECEIVED,Wrocław,/HYG,HYG,Wrocław,temperature,24
2021-09-01 19:31:23,507 - INFO --- Logger - Msg: RECEIVED,Wrocław,/HYG,HYG,Wrocław,humidity,51
2021-09-01 19:31:25,742 - INFO --- Logger - Msg: SENT,Wrocław,/HYG,HYG,Wrocław,temperature,24
2021-09-01 19:31:25,748 - INFO --- Logger - Msg: SENT,Wrocław,/HYG,HYG,Wrocław,humidity,51
2021-09-01 19:31:25,760 - INFO --- Logger - Msg: RECEIVED,Wrocław,/HYG,HYG,Wrocław,temperature,24
2021-09-01 19:31:25,778 - INFO --- Logger - Msg: RECEIVED,Wrocław,/HYG,HYG,Wrocław,humidity,51
2021-09-01 19:31:28,010 - INFO --- Logger - Msg: SENT,Wrocław,/HYG,HYG,Wrocław,temperature,24
2021-09-01 19:31:28,012 - INFO --- Logger - Msg: SENT,Wrocław,/HYG,HYG,Wrocław,humidity,51
2021-09-01 19:31:28,032 - INFO --- Logger - Msg: RECEIVED,Wrocław,/HYG,HYG,Wrocław,temperature,24
2021-09-01 19:31:28,051 - INFO --- Logger - Msg: RECEIVED,Wrocław,/HYG,HYG,Wrocław,humidity,51
2021-09-01 19:31:29,278 - INFO --- Logger - Msg: SENT,Wrocław,/HYG,HYG,Wrocław,temperature,24
2021-09-01 19:31:29,283 - INFO --- Logger - Msg: SENT,Wrocław,/HYG,HYG,Wrocław,humidity,51
2021-09-01 19:31:29,291 - INFO --- Logger - Msg: RECEIVED,Wrocław,/HYG,HYG,Wrocław,temperature,24
2021-09-01 19:31:29,301 - INFO --- Logger - Msg: RECEIVED,Wrocław,/HYG,HYG,Wrocław,humidity,51
2021-09-01 19:31:30,287 - INFO --- Logger - Msg: SENT,Wrocław,/HYG,HYG,Wrocław,temperature,24
2021-09-01 19:31:30,294 - INFO --- Logger - Msg: SENT,Wrocław,/HYG,HYG,Wrocław,humidity,51
2021-09-01 19:31:30,304 - INFO --- Logger - Msg: RECEIVED,Wrocław,/HYG,HYG,Wrocław,temperature,24
2021-09-01 19:31:30,325 - INFO --- Logger - Msg: RECEIVED,Wrocław,/HYG,HYG,Wrocław,humidity,51
2021-09-01 19:31:31,555 - INFO --- Logger - Msg: SENT,Wrocław,/HYG,HYG,Wrocław,temperature,24
2021-09-01 19:31:31,560 - INFO --- Logger - Msg: SENT,Wrocław,/HYG,HYG,Wrocław,humidity,52
2021-09-01 19:31:31,571 - INFO --- Logger - Msg: RECEIVED,Wrocław,/HYG,HYG,Wrocław,temperature,24
2021-09-01 19:31:31,585 - INFO --- Logger - Msg: RECEIVED,Wrocław,/HYG,HYG,Wrocław,humidity,52
2021-09-01 19:31:32,564 - INFO --- Logger - Msg: SENT,Wrocław,/HYG,HYG,Wrocław,temperature,24
2021-09-01 19:31:32,572 - INFO --- Logger - Msg: SENT,Wrocław,/HYG,HYG,Wrocław,humidity,52
2021-09-01 19:31:32,585 - INFO --- Logger - Msg: RECEIVED,Wrocław,/HYG,HYG,Wrocław,temperature,24
2021-09-01 19:31:32,604 - INFO --- Logger - Msg: RECEIVED,Wrocław,/HYG,HYG,Wrocław,humidity,52
2021-09-01 19:31:33,832 - INFO --- Logger - Msg: SENT,Wrocław,/HYG,HYG,Wrocław,temperature,24
2021-09-01 19:31:33,836 - INFO --- Logger - Msg: SENT,Wrocław,/HYG,HYG,Wrocław,humidity,51
2021-09-01 19:31:33,844 - INFO --- Logger - Msg: RECEIVED,Wrocław,/HYG,HYG,Wrocław,temperature,24
2021-09-01 19:31:33,855 - INFO --- Logger - Msg: RECEIVED,Wrocław,/HYG,HYG,Wrocław,humidity,51
2021-09-01 19:31:34,839 - INFO --- Logger - Msg: SENT,Wrocław,/HYG,HYG,Wrocław,temperature,24
2021-09-01 19:31:34,842 - INFO --- Logger - Msg: SENT,Wrocław,/HYG,HYG,Wrocław,humidity,51
2021-09-01 19:31:34,860 - INFO --- Logger - Msg: RECEIVED,Wrocław,/HYG,HYG,Wrocław,temperature,24
2021-09-01 19:31:34,878 - INFO --- Logger - Msg: RECEIVED,Wrocław,/HYG,HYG,Wrocław,humidity,51
2021-09-01 19:31:36,102 - INFO --- Logger - Msg: SENT,Wrocław,/HYG,HYG,Wrocław,temperature,24
2021-09-01 19:31:36,103 - INFO --- Logger - Msg: SENT,Wrocław,/HYG,HYG,Wrocław,humidity,51
2021-09-01 19:31:36,121 - INFO --- Logger - Msg: RECEIVED,Wrocław,/HYG,HYG,Wrocław,temperature,24
2021-09-01 19:31:36,133 - INFO --- Logger - Msg: RECEIVED,Wrocław,/HYG,HYG,Wrocław,humidity,51
2021-09-01 19:31:37,105 - INFO --- Logger - Msg: SENT,Wrocław,/HYG,HYG,Wrocław,temperature,24
2021-09-01 19:31:37,113 - INFO --- Logger - Msg: SENT,Wrocław,/HYG,HYG,Wrocław,humidity,51
2021-09-01 19:31:37,126 - INFO --- Logger - Msg: RECEIVED,Wrocław,/HYG,HYG,Wrocław,temperature,24
2021-09-01 19:31:37,145 - INFO --- Logger - Msg: RECEIVED,Wrocław,/HYG,HYG,Wrocław,humidity,51
2021-09-01 19:31:38,372 - INFO --- Logger - Msg: SENT,Wrocław,/HYG,HYG,Wrocław,temperature,24
2021-09-01 19:31:38,373 - INFO --- Logger - Msg: SENT,Wrocław,/HYG,HYG,Wrocław,humidity,52
2021-09-01 19:31:38,387 - INFO --- Logger - Msg: RECEIVED,Wrocław,/HYG,HYG,Wrocław,temperature,24
2021-09-01 19:31:38,400 - INFO --- Logger - Msg: RECEIVED,Wrocław,/HYG,HYG,Wrocław,humidity,52
2021-09-01 19:31:39,376 - INFO --- Logger - Msg: SENT,Wrocław,/HYG,HYG,Wrocław,temperature,24
2021-09-01 19:31:39,378 - INFO --- Logger - Msg: SENT,Wrocław,/HYG,HYG,Wrocław,humidity,52
2021-09-01 19:31:39,395 - INFO --- Logger - Msg: RECEIVED,Wrocław,/HYG,HYG,Wrocław,temperature,24
2021-09-01 19:31:39,413 - INFO --- Logger - Msg: RECEIVED,Wrocław,/HYG,HYG,Wrocław,humidity,52
2021-09-01 19:31:40,637 - INFO --- Logger - Msg: SENT,Wrocław,/HYG,HYG,Wrocław,temperature,24
2021-09-01 19:31:40,639 - INFO --- Logger - Msg: SENT,Wrocław,/HYG,HYG,Wrocław,humidity,51
2021-09-01 19:31:40,651 - INFO --- Logger - Msg: RECEIVED,Wrocław,/HYG,HYG,Wrocław,temperature,24
2021-09-01 19:31:40,663 - INFO --- Logger - Msg: RECEIVED,Wrocław,/HYG,HYG,Wrocław,humidity,51
2021-09-01 19:31:41,641 - INFO --- Logger - Msg: SENT,Wrocław,/HYG,HYG,Wrocław,temperature,24
2021-09-01 19:31:41,648 - INFO --- Logger - Msg: SENT,Wrocław,/HYG,HYG,Wrocław,humidity,51
2021-09-01 19:31:41,660 - INFO --- Logger - Msg: RECEIVED,Wrocław,/HYG,HYG,Wrocław,temperature,24
2021-09-01 19:31:41,679 - INFO --- Logger - Msg: RECEIVED,Wrocław,/HYG,HYG,Wrocław,humidity,51
2021-09-01 19:31:42,910 - INFO --- Logger - Msg: SENT,Wrocław,/HYG,HYG,Wrocław,temperature,24
2021-09-01 19:31:42,912 - INFO --- Logger - Msg: SENT,Wrocław,/HYG,HYG,Wrocław,humidity,51
2021-09-01 19:31:42,917 - INFO --- Logger - Msg: RECEIVED,Wrocław,/HYG,HYG,Wrocław,temperature,24
2021-09-01 19:31:42,928 - INFO --- Logger - Msg: RECEIVED,Wrocław,/HYG,HYG,Wrocław,humidity,51
2021-09-01 19:31:43,916 - INFO --- Logger - Msg: SENT,Wrocław,/HYG,HYG,Wrocław,temperature,24
2021-09-01 19:31:43,918 - INFO --- Logger - Msg: SENT,Wrocław,/HYG,HYG,Wrocław,humidity,51
2021-09-01 19:31:43,936 - INFO --- Logger - Msg: RECEIVED,Wrocław,/HYG,HYG,Wrocław,temperature,24
2021-09-01 19:31:43,953 - INFO --- Logger - Msg: RECEIVED,Wrocław,/HYG,HYG,Wrocław,humidity,51
2021-09-01 19:31:46,178 - INFO --- Logger - Msg: SENT,Wrocław,/HYG,HYG,Wrocław,temperature,24
2021-09-01 19:31:46,183 - INFO --- Logger - Msg: SENT,Wrocław,/HYG,HYG,Wrocław,humidity,51
2021-09-01 19:31:46,193 - INFO --- Logger - Msg: RECEIVED,Wrocław,/HYG,HYG,Wrocław,temperature,24
2021-09-01 19:31:46,203 - INFO --- Logger - Msg: RECEIVED,Wrocław,/HYG,HYG,Wrocław,humidity,51
2021-09-01 19:31:48,444 - INFO --- Logger - Msg: SENT,Wrocław,/HYG,HYG,Wrocław,temperature,24
2021-09-01 19:31:48,446 - INFO --- Logger - Msg: SENT,Wrocław,/HYG,HYG,Wrocław,humidity,51
2021-09-01 19:31:48,466 - INFO --- Logger - Msg: RECEIVED,Wrocław,/HYG,HYG,Wrocław,temperature,24
2021-09-01 19:31:48,485 - INFO --- Logger - Msg: RECEIVED,Wrocław,/HYG,HYG,Wrocław,humidity,51
2021-09-01 19:31:49,704 - INFO --- Logger - Msg: SENT,Wrocław,/HYG,HYG,Wrocław,temperature,24
2021-09-01 19:31:49,709 - INFO --- Logger - Msg: SENT,Wrocław,/HYG,HYG,Wrocław,humidity,52
2021-09-01 19:31:49,717 - INFO --- Logger - Msg: RECEIVED,Wrocław,/HYG,HYG,Wrocław,temperature,24
2021-09-01 19:31:49,729 - INFO --- Logger - Msg: RECEIVED,Wrocław,/HYG,HYG,Wrocław,humidity,52
2021-09-01 19:31:50,712 - INFO --- Logger - Msg: SENT,Wrocław,/HYG,HYG,Wrocław,temperature,24
2021-09-01 19:31:50,720 - INFO --- Logger - Msg: SENT,Wrocław,/HYG,HYG,Wrocław,humidity,52
2021-09-01 19:31:50,734 - INFO --- Logger - Msg: RECEIVED,Wrocław,/HYG,HYG,Wrocław,temperature,24
2021-09-01 19:31:50,752 - INFO --- Logger - Msg: RECEIVED,Wrocław,/HYG,HYG,Wrocław,humidity,52
2021-09-01 19:31:51,978 - INFO --- Logger - Msg: SENT,Wrocław,/HYG,HYG,Wrocław,temperature,24
2021-09-01 19:31:51,983 - INFO --- Logger - Msg: SENT,Wrocław,/HYG,HYG,Wrocław,humidity,51
2021-09-01 19:31:51,991 - INFO --- Logger - Msg: RECEIVED,Wrocław,/HYG,HYG,Wrocław,temperature,24
2021-09-01 19:31:52,003 - INFO --- Logger - Msg: RECEIVED,Wrocław,/HYG,HYG,Wrocław,humidity,51
2021-09-01 19:31:52,986 - INFO --- Logger - Msg: SENT,Wrocław,/HYG,HYG,Wrocław,temperature,24
2021-09-01 19:31:52,988 - INFO --- Logger - Msg: SENT,Wrocław,/HYG,HYG,Wrocław,humidity,51
2021-09-01 19:31:53,006 - INFO --- Logger - Msg: RECEIVED,Wrocław,/HYG,HYG,Wrocław,temperature,24
2021-09-01 19:31:53,024 - INFO --- Logger - Msg: RECEIVED,Wrocław,/HYG,HYG,Wrocław,humidity,51
2021-09-01 19:31:54,247 - INFO --- Logger - Msg: SENT,Wrocław,/HYG,HYG,Wrocław,temperature,24
2021-09-01 19:31:54,251 - INFO --- Logger - Msg: SENT,Wrocław,/HYG,HYG,Wrocław,humidity,51
2021-09-01 19:31:54,259 - INFO --- Logger - Msg: RECEIVED,Wrocław,/HYG,HYG,Wrocław,temperature,24
2021-09-01 19:31:54,269 - INFO --- Logger - Msg: RECEIVED,Wrocław,/HYG,HYG,Wrocław,humidity,51
2021-09-01 19:31:55,254 - INFO --- Logger - Msg: SENT,Wrocław,/HYG,HYG,Wrocław,temperature,24
2021-09-01 19:31:55,258 - INFO --- Logger - Msg: SENT,Wrocław,/HYG,HYG,Wrocław,humidity,51
2021-09-01 19:31:55,267 - INFO --- Logger - Msg: RECEIVED,Wrocław,/HYG,HYG,Wrocław,temperature,24
2021-09-01 19:31:55,278 - INFO --- Logger - Msg: RECEIVED,Wrocław,/HYG,HYG,Wrocław,humidity,51
2021-09-01 19:31:56,517 - INFO --- Logger - Msg: SENT,Wrocław,/HYG,HYG,Wrocław,temperature,24
2021-09-01 19:31:56,521 - INFO --- Logger - Msg: SENT,Wrocław,/HYG,HYG,Wrocław,humidity,51
2021-09-01 19:31:56,530 - INFO --- Logger - Msg: RECEIVED,Wrocław,/HYG,HYG,Wrocław,temperature,24
2021-09-01 19:31:56,544 - INFO --- Logger - Msg: RECEIVED,Wrocław,/HYG,HYG,Wrocław,humidity,51
2021-09-01 19:31:57,525 - INFO --- Logger - Msg: SENT,Wrocław,/HYG,HYG,Wrocław,temperature,24
2021-09-01 19:31:57,533 - INFO --- Logger - Msg: SENT,Wrocław,/HYG,HYG,Wrocław,humidity,51
2021-09-01 19:31:57,545 - INFO --- Logger - Msg: RECEIVED,Wrocław,/HYG,HYG,Wrocław,temperature,24
2021-09-01 19:31:57,563 - INFO --- Logger - Msg: RECEIVED,Wrocław,/HYG,HYG,Wrocław,humidity,51
2021-09-01 19:31:58,792 - INFO --- Logger - Msg: SENT,Wrocław,/HYG,HYG,Wrocław,temperature,24
2021-09-01 19:31:58,796 - INFO --- Logger - Msg: SENT,Wrocław,/HYG,HYG,Wrocław,humidity,51
2021-09-01 19:31:58,802 - INFO --- Logger - Msg: RECEIVED,Wrocław,/HYG,HYG,Wrocław,temperature,24
2021-09-01 19:31:58,814 - INFO --- Logger - Msg: RECEIVED,Wrocław,/HYG,HYG,Wrocław,humidity,51
2021-09-01 19:31:59,799 - INFO --- Logger - Msg: SENT,Wrocław,/HYG,HYG,Wrocław,temperature,24
2021-09-01 19:31:59,807 - INFO --- Logger - Msg: SENT,Wrocław,/HYG,HYG,Wrocław,humidity,51
2021-09-01 19:31:59,819 - INFO --- Logger - Msg: RECEIVED,Wrocław,/HYG,HYG,Wrocław,temperature,24
2021-09-01 19:31:59,835 - INFO --- Logger - Msg: RECEIVED,Wrocław,/HYG,HYG,Wrocław,humidity,51
2021-09-01 19:32:01,067 - INFO --- Logger - Msg: SENT,Wrocław,/HYG,HYG,Wrocław,temperature,24
2021-09-01 19:32:01,071 - INFO --- Logger - Msg: SENT,Wrocław,/HYG,HYG,Wrocław,humidity,51
2021-09-01 19:32:01,079 - INFO --- Logger - Msg: RECEIVED,Wrocław,/HYG,HYG,Wrocław,temperature,24
2021-09-01 19:32:01,092 - INFO --- Logger - Msg: RECEIVED,Wrocław,/HYG,HYG,Wrocław,humidity,51
2021-09-01 19:32:02,074 - INFO --- Logger - Msg: SENT,Wrocław,/HYG,HYG,Wrocław,temperature,24
2021-09-01 19:32:02,079 - INFO --- Logger - Msg: SENT,Wrocław,/HYG,HYG,Wrocław,humidity,51
2021-09-01 19:32:02,087 - INFO --- Logger - Msg: RECEIVED,Wrocław,/HYG,HYG,Wrocław,temperature,24
2021-09-01 19:32:02,099 - INFO --- Logger - Msg: RECEIVED,Wrocław,/HYG,HYG,Wrocław,humidity,51
2021-09-01 19:32:03,338 - INFO --- Logger - Msg: SENT,Wrocław,/HYG,HYG,Wrocław,temperature,24
2021-09-01 19:32:03,342 - INFO --- Logger - Msg: SENT,Wrocław,/HYG,HYG,Wrocław,humidity,51
2021-09-01 19:32:03,349 - INFO --- Logger - Msg: RECEIVED,Wrocław,/HYG,HYG,Wrocław,temperature,24
2021-09-01 19:32:03,360 - INFO --- Logger - Msg: RECEIVED,Wrocław,/HYG,HYG,Wrocław,humidity,51
2021-09-01 19:32:04,345 - INFO --- Logger - Msg: SENT,Wrocław,/HYG,HYG,Wrocław,temperature,24
2021-09-01 19:32:04,350 - INFO --- Logger - Msg: SENT,Wrocław,/HYG,HYG,Wrocław,humidity,51
2021-09-01 19:32:04,358 - INFO --- Logger - Msg: RECEIVED,Wrocław,/HYG,HYG,Wrocław,temperature,24
2021-09-01 19:32:04,368 - INFO --- Logger - Msg: RECEIVED,Wrocław,/HYG,HYG,Wrocław,humidity,51
2021-09-01 19:32:05,609 - INFO --- Logger - Msg: SENT,Wrocław,/HYG,HYG,Wrocław,temperature,24
2021-09-01 19:32:05,613 - INFO --- Logger - Msg: SENT,Wrocław,/HYG,HYG,Wrocław,humidity,51
2021-09-01 19:32:05,622 - INFO --- Logger - Msg: RECEIVED,Wrocław,/HYG,HYG,Wrocław,temperature,24
2021-09-01 19:32:05,634 - INFO --- Logger - Msg: RECEIVED,Wrocław,/HYG,HYG,Wrocław,humidity,51
2021-09-01 19:32:06,617 - INFO --- Logger - Msg: SENT,Wrocław,/HYG,HYG,Wrocław,temperature,24
2021-09-01 19:32:06,627 - INFO --- Logger - Msg: SENT,Wrocław,/HYG,HYG,Wrocław,humidity,51
2021-09-01 19:32:06,637 - INFO --- Logger - Msg: RECEIVED,Wrocław,/HYG,HYG,Wrocław,temperature,24
2021-09-01 19:32:06,657 - INFO --- Logger - Msg: RECEIVED,Wrocław,/HYG,HYG,Wrocław,humidity,51
2021-09-01 19:32:07,886 - INFO --- Logger - Msg: SENT,Wrocław,/HYG,HYG,Wrocław,temperature,24
2021-09-01 19:32:07,890 - INFO --- Logger - Msg: SENT,Wrocław,/HYG,HYG,Wrocław,humidity,51
2021-09-01 19:32:07,899 - INFO --- Logger - Msg: RECEIVED,Wrocław,/HYG,HYG,Wrocław,temperature,24
2021-09-01 19:32:07,909 - INFO --- Logger - Msg: RECEIVED,Wrocław,/HYG,HYG,Wrocław,humidity,51
2021-09-01 19:32:08,892 - INFO --- Logger - Msg: SENT,Wrocław,/HYG,HYG,Wrocław,temperature,24
2021-09-01 19:32:08,896 - INFO --- Logger - Msg: SENT,Wrocław,/HYG,HYG,Wrocław,humidity,51
2021-09-01 19:32:08,905 - INFO --- Logger - Msg: RECEIVED,Wrocław,/HYG,HYG,Wrocław,temperature,24
2021-09-01 19:32:08,920 - INFO --- Logger - Msg: RECEIVED,Wrocław,/HYG,HYG,Wrocław,humidity,51
2021-09-01 19:32:11,158 - INFO --- Logger - Msg: SENT,Wrocław,/HYG,HYG,Wrocław,temperature,24
2021-09-01 19:32:11,167 - INFO --- Logger - Msg: SENT,Wrocław,/HYG,HYG,Wrocław,humidity,51
2021-09-01 19:32:11,179 - INFO --- Logger - Msg: RECEIVED,Wrocław,/HYG,HYG,Wrocław,temperature,24
2021-09-01 19:32:11,198 - INFO --- Logger - Msg: RECEIVED,Wrocław,/HYG,HYG,Wrocław,humidity,51
2021-09-01 19:32:12,427 - INFO --- Logger - Msg: SENT,Wrocław,/HYG,HYG,Wrocław,temperature,24
2021-09-01 19:32:12,431 - INFO --- Logger - Msg: SENT,Wrocław,/HYG,HYG,Wrocław,humidity,51
2021-09-01 19:32:12,442 - INFO --- Logger - Msg: RECEIVED,Wrocław,/HYG,HYG,Wrocław,temperature,24
2021-09-01 19:32:12,456 - INFO --- Logger - Msg: RECEIVED,Wrocław,/HYG,HYG,Wrocław,humidity,51
2021-09-01 19:32:13,434 - INFO --- Logger - Msg: SENT,Wrocław,/HYG,HYG,Wrocław,temperature,24
2021-09-01 19:32:13,442 - INFO --- Logger - Msg: SENT,Wrocław,/HYG,HYG,Wrocław,humidity,51
2021-09-01 19:32:13,464 - INFO --- Logger - Msg: RECEIVED,Wrocław,/HYG,HYG,Wrocław,temperature,24
2021-09-01 19:32:13,486 - INFO --- Logger - Msg: RECEIVED,Wrocław,/HYG,HYG,Wrocław,humidity,51
2021-09-01 19:32:14,703 - INFO --- Logger - Msg: SENT,Wrocław,/HYG,HYG,Wrocław,temperature,24
2021-09-01 19:32:14,707 - INFO --- Logger - Msg: SENT,Wrocław,/HYG,HYG,Wrocław,humidity,51
2021-09-01 19:32:14,717 - INFO --- Logger - Msg: RECEIVED,Wrocław,/HYG,HYG,Wrocław,temperature,24
2021-09-01 19:32:14,729 - INFO --- Logger - Msg: RECEIVED,Wrocław,/HYG,HYG,Wrocław,humidity,51
2021-09-01 19:32:15,710 - INFO --- Logger - Msg: SENT,Wrocław,/HYG,HYG,Wrocław,temperature,24
2021-09-01 19:32:15,714 - INFO --- Logger - Msg: SENT,Wrocław,/HYG,HYG,Wrocław,humidity,51
2021-09-01 19:32:15,722 - INFO --- Logger - Msg: RECEIVED,Wrocław,/HYG,HYG,Wrocław,temperature,24
2021-09-01 19:32:15,735 - INFO --- Logger - Msg: RECEIVED,Wrocław,/HYG,HYG,Wrocław,humidity,51
2021-09-01 19:32:16,974 - INFO --- Logger - Msg: SENT,Wrocław,/HYG,HYG,Wrocław,temperature,24
2021-09-01 19:32:16,978 - INFO --- Logger - Msg: SENT,Wrocław,/HYG,HYG,Wrocław,humidity,51
2021-09-01 19:32:16,989 - INFO --- Logger - Msg: RECEIVED,Wrocław,/HYG,HYG,Wrocław,temperature,24
2021-09-01 19:32:17,002 - INFO --- Logger - Msg: RECEIVED,Wrocław,/HYG,HYG,Wrocław,humidity,51
2021-09-01 19:32:17,981 - INFO --- Logger - Msg: SENT,Wrocław,/HYG,HYG,Wrocław,temperature,24
2021-09-01 19:32:17,988 - INFO --- Logger - Msg: SENT,Wrocław,/HYG,HYG,Wrocław,humidity,51
2021-09-01 19:32:18,002 - INFO --- Logger - Msg: RECEIVED,Wrocław,/HYG,HYG,Wrocław,temperature,24
2021-09-01 19:32:18,019 - INFO --- Logger - Msg: RECEIVED,Wrocław,/HYG,HYG,Wrocław,humidity,51
2021-09-01 19:32:19,248 - INFO --- Logger - Msg: SENT,Wrocław,/HYG,HYG,Wrocław,temperature,24
2021-09-01 19:32:19,252 - INFO --- Logger - Msg: SENT,Wrocław,/HYG,HYG,Wrocław,humidity,51
2021-09-01 19:32:19,260 - INFO --- Logger - Msg: RECEIVED,Wrocław,/HYG,HYG,Wrocław,temperature,24
2021-09-01 19:32:19,272 - INFO --- Logger - Msg: RECEIVED,Wrocław,/HYG,HYG,Wrocław,humidity,51
2021-09-01 19:32:20,256 - INFO --- Logger - Msg: SENT,Wrocław,/HYG,HYG,Wrocław,temperature,24
2021-09-01 19:32:20,265 - INFO --- Logger - Msg: SENT,Wrocław,/HYG,HYG,Wrocław,humidity,51
2021-09-01 19:32:20,275 - INFO --- Logger - Msg: RECEIVED,Wrocław,/HYG,HYG,Wrocław,temperature,24
2021-09-01 19:32:20,295 - INFO --- Logger - Msg: RECEIVED,Wrocław,/HYG,HYG,Wrocław,humidity,51
2021-09-01 19:32:21,525 - INFO --- Logger - Msg: SENT,Wrocław,/HYG,HYG,Wrocław,temperature,24
2021-09-01 19:32:21,529 - INFO --- Logger - Msg: SENT,Wrocław,/HYG,HYG,Wrocław,humidity,51
2021-09-01 19:32:21,538 - INFO --- Logger - Msg: RECEIVED,Wrocław,/HYG,HYG,Wrocław,temperature,24
2021-09-01 19:32:21,551 - INFO --- Logger - Msg: RECEIVED,Wrocław,/HYG,HYG,Wrocław,humidity,51
2021-09-01 19:32:22,532 - INFO --- Logger - Msg: SENT,Wrocław,/HYG,HYG,Wrocław,temperature,24
2021-09-01 19:32:22,540 - INFO --- Logger - Msg: SENT,Wrocław,/HYG,HYG,Wrocław,humidity,51
2021-09-01 19:32:22,551 - INFO --- Logger - Msg: RECEIVED,Wrocław,/HYG,HYG,Wrocław,temperature,24
2021-09-01 19:32:22,569 - INFO --- Logger - Msg: RECEIVED,Wrocław,/HYG,HYG,Wrocław,humidity,51
2021-09-01 19:32:23,800 - INFO --- Logger - Msg: SENT,Wrocław,/HYG,HYG,Wrocław,temperature,24
2021-09-01 19:32:23,806 - INFO --- Logger - Msg: SENT,Wrocław,/HYG,HYG,Wrocław,humidity,52
2021-09-01 19:32:23,812 - INFO --- Logger - Msg: RECEIVED,Wrocław,/HYG,HYG,Wrocław,temperature,24
2021-09-01 19:32:23,822 - INFO --- Logger - Msg: RECEIVED,Wrocław,/HYG,HYG,Wrocław,humidity,52
2021-09-01 19:32:24,808 - INFO --- Logger - Msg: SENT,Wrocław,/HYG,HYG,Wrocław,temperature,24
2021-09-01 19:32:24,810 - INFO --- Logger - Msg: SENT,Wrocław,/HYG,HYG,Wrocław,humidity,52
2021-09-01 19:32:24,828 - INFO --- Logger - Msg: RECEIVED,Wrocław,/HYG,HYG,Wrocław,temperature,24
2021-09-01 19:32:24,847 - INFO --- Logger - Msg: RECEIVED,Wrocław,/HYG,HYG,Wrocław,humidity,52
2021-09-01 19:32:26,076 - INFO --- Logger - Msg: SENT,Wrocław,/HYG,HYG,Wrocław,temperature,24
2021-09-01 19:32:26,080 - INFO --- Logger - Msg: SENT,Wrocław,/HYG,HYG,Wrocław,humidity,52
2021-09-01 19:32:26,088 - INFO --- Logger - Msg: RECEIVED,Wrocław,/HYG,HYG,Wrocław,temperature,24
2021-09-01 19:32:26,101 - INFO --- Logger - Msg: RECEIVED,Wrocław,/HYG,HYG,Wrocław,humidity,52
2021-09-01 19:32:27,083 - INFO --- Logger - Msg: SENT,Wrocław,/HYG,HYG,Wrocław,temperature,24
2021-09-01 19:32:27,084 - INFO --- Logger - Msg: SENT,Wrocław,/HYG,HYG,Wrocław,humidity,52
2021-09-01 19:32:27,094 - INFO --- Logger - Msg: RECEIVED,Wrocław,/HYG,HYG,Wrocław,temperature,24
2021-09-01 19:32:27,105 - INFO --- Logger - Msg: RECEIVED,Wrocław,/HYG,HYG,Wrocław,humidity,52
2021-09-01 19:32:28,343 - INFO --- Logger - Msg: SENT,Wrocław,/HYG,HYG,Wrocław,temperature,24
2021-09-01 19:32:28,344 - INFO --- Logger - Msg: SENT,Wrocław,/HYG,HYG,Wrocław,humidity,52
2021-09-01 19:32:28,356 - INFO --- Logger - Msg: RECEIVED,Wrocław,/HYG,HYG,Wrocław,temperature,24
2021-09-01 19:32:28,367 - INFO --- Logger - Msg: RECEIVED,Wrocław,/HYG,HYG,Wrocław,humidity,52
2021-09-01 19:32:29,350 - INFO --- Logger - Msg: SENT,Wrocław,/HYG,HYG,Wrocław,temperature,24
2021-09-01 19:32:29,358 - INFO --- Logger - Msg: SENT,Wrocław,/HYG,HYG,Wrocław,humidity,52
2021-09-01 19:32:29,371 - INFO --- Logger - Msg: RECEIVED,Wrocław,/HYG,HYG,Wrocław,temperature,24
2021-09-01 19:32:29,389 - INFO --- Logger - Msg: RECEIVED,Wrocław,/HYG,HYG,Wrocław,humidity,52
2021-09-01 19:32:30,618 - INFO --- Logger - Msg: SENT,Wrocław,/HYG,HYG,Wrocław,temperature,24
2021-09-01 19:32:30,622 - INFO --- Logger - Msg: SENT,Wrocław,/HYG,HYG,Wrocław,humidity,52
2021-09-01 19:32:30,629 - INFO --- Logger - Msg: RECEIVED,Wrocław,/HYG,HYG,Wrocław,temperature,24
2021-09-01 19:32:30,642 - INFO --- Logger - Msg: RECEIVED,Wrocław,/HYG,HYG,Wrocław,humidity,52
2021-09-01 19:32:31,626 - INFO --- Logger - Msg: SENT,Wrocław,/HYG,HYG,Wrocław,temperature,24
2021-09-01 19:32:31,628 - INFO --- Logger - Msg: SENT,Wrocław,/HYG,HYG,Wrocław,humidity,52
2021-09-01 19:32:31,646 - INFO --- Logger - Msg: RECEIVED,Wrocław,/HYG,HYG,Wrocław,temperature,24
2021-09-01 19:32:31,663 - INFO --- Logger - Msg: RECEIVED,Wrocław,/HYG,HYG,Wrocław,humidity,52
2021-09-01 19:32:32,887 - INFO --- Logger - Msg: SENT,Wrocław,/HYG,HYG,Wrocław,temperature,24
2021-09-01 19:32:32,893 - INFO --- Logger - Msg: SENT,Wrocław,/HYG,HYG,Wrocław,humidity,52
2021-09-01 19:32:32,900 - INFO --- Logger - Msg: RECEIVED,Wrocław,/HYG,HYG,Wrocław,temperature,24
2021-09-01 19:32:32,911 - INFO --- Logger - Msg: RECEIVED,Wrocław,/HYG,HYG,Wrocław,humidity,52
2021-09-01 19:32:33,895 - INFO --- Logger - Msg: SENT,Wrocław,/HYG,HYG,Wrocław,temperature,24
2021-09-01 19:32:33,897 - INFO --- Logger - Msg: SENT,Wrocław,/HYG,HYG,Wrocław,humidity,52
2021-09-01 19:32:33,917 - INFO --- Logger - Msg: RECEIVED,Wrocław,/HYG,HYG,Wrocław,temperature,24
2021-09-01 19:32:33,935 - INFO --- Logger - Msg: RECEIVED,Wrocław,/HYG,HYG,Wrocław,humidity,52
2021-09-01 19:32:35,164 - INFO --- Logger - Msg: SENT,Wrocław,/HYG,HYG,Wrocław,temperature,24
2021-09-01 19:32:35,168 - INFO --- Logger - Msg: SENT,Wrocław,/HYG,HYG,Wrocław,humidity,52
2021-09-01 19:32:35,176 - INFO --- Logger - Msg: RECEIVED,Wrocław,/HYG,HYG,Wrocław,temperature,24
2021-09-01 19:32:35,189 - INFO --- Logger - Msg: RECEIVED,Wrocław,/HYG,HYG,Wrocław,humidity,52
2021-09-01 19:32:36,170 - INFO --- Logger - Msg: SENT,Wrocław,/HYG,HYG,Wrocław,temperature,24
2021-09-01 19:32:36,178 - INFO --- Logger - Msg: SENT,Wrocław,/HYG,HYG,Wrocław,humidity,52
2021-09-01 19:32:36,193 - INFO --- Logger - Msg: RECEIVED,Wrocław,/HYG,HYG,Wrocław,temperature,24
2021-09-01 19:32:36,210 - INFO --- Logger - Msg: RECEIVED,Wrocław,/HYG,HYG,Wrocław,humidity,52
2021-09-01 19:32:37,437 - INFO --- Logger - Msg: SENT,Wrocław,/HYG,HYG,Wrocław,temperature,24
2021-09-01 19:32:37,441 - INFO --- Logger - Msg: SENT,Wrocław,/HYG,HYG,Wrocław,humidity,52
2021-09-01 19:32:37,450 - INFO --- Logger - Msg: RECEIVED,Wrocław,/HYG,HYG,Wrocław,temperature,24
2021-09-01 19:32:37,460 - INFO --- Logger - Msg: RECEIVED,Wrocław,/HYG,HYG,Wrocław,humidity,52
2021-09-01 19:32:38,444 - INFO --- Logger - Msg: SENT,Wrocław,/HYG,HYG,Wrocław,temperature,24
2021-09-01 19:32:38,451 - INFO --- Logger - Msg: SENT,Wrocław,/HYG,HYG,Wrocław,humidity,52
2021-09-01 19:32:38,466 - INFO --- Logger - Msg: RECEIVED,Wrocław,/HYG,HYG,Wrocław,temperature,24
2021-09-01 19:32:38,486 - INFO --- Logger - Msg: RECEIVED,Wrocław,/HYG,HYG,Wrocław,humidity,52
2021-09-01 19:32:40,714 - INFO --- Logger - Msg: SENT,Wrocław,/HYG,HYG,Wrocław,temperature,24
2021-09-01 19:32:40,723 - INFO --- Logger - Msg: SENT,Wrocław,/HYG,HYG,Wrocław,humidity,52
2021-09-01 19:32:40,735 - INFO --- Logger - Msg: RECEIVED,Wrocław,/HYG,HYG,Wrocław,temperature,24
2021-09-01 19:32:40,752 - INFO --- Logger - Msg: RECEIVED,Wrocław,/HYG,HYG,Wrocław,humidity,52
2021-09-01 19:32:41,983 - INFO --- Logger - Msg: SENT,Wrocław,/HYG,HYG,Wrocław,temperature,24
2021-09-01 19:32:41,986 - INFO --- Logger - Msg: SENT,Wrocław,/HYG,HYG,Wrocław,humidity,51
2021-09-01 19:32:41,994 - INFO --- Logger - Msg: RECEIVED,Wrocław,/HYG,HYG,Wrocław,temperature,24
2021-09-01 19:32:42,005 - INFO --- Logger - Msg: RECEIVED,Wrocław,/HYG,HYG,Wrocław,humidity,51
2021-09-01 19:32:42,989 - INFO --- Logger - Msg: SENT,Wrocław,/HYG,HYG,Wrocław,temperature,24
2021-09-01 19:32:42,997 - INFO --- Logger - Msg: SENT,Wrocław,/HYG,HYG,Wrocław,humidity,51
2021-09-01 19:32:43,009 - INFO --- Logger - Msg: RECEIVED,Wrocław,/HYG,HYG,Wrocław,temperature,24
2021-09-01 19:32:43,027 - INFO --- Logger - Msg: RECEIVED,Wrocław,/HYG,HYG,Wrocław,humidity,51
2021-09-01 19:32:44,256 - INFO --- Logger - Msg: SENT,Wrocław,/HYG,HYG,Wrocław,temperature,24
2021-09-01 19:32:44,260 - INFO --- Logger - Msg: SENT,Wrocław,/HYG,HYG,Wrocław,humidity,52
2021-09-01 19:32:44,269 - INFO --- Logger - Msg: RECEIVED,Wrocław,/HYG,HYG,Wrocław,temperature,24
2021-09-01 19:32:44,282 - INFO --- Logger - Msg: RECEIVED,Wrocław,/HYG,HYG,Wrocław,humidity,52
2021-09-01 19:32:45,263 - INFO --- Logger - Msg: SENT,Wrocław,/HYG,HYG,Wrocław,temperature,24
2021-09-01 19:32:45,265 - INFO --- Logger - Msg: SENT,Wrocław,/HYG,HYG,Wrocław,humidity,52
2021-09-01 19:32:45,284 - INFO --- Logger - Msg: RECEIVED,Wrocław,/HYG,HYG,Wrocław,temperature,24
2021-09-01 19:32:45,309 - INFO --- Logger - Msg: RECEIVED,Wrocław,/HYG,HYG,Wrocław,humidity,52
2021-09-01 19:32:46,530 - INFO --- Logger - Msg: SENT,Wrocław,/HYG,HYG,Wrocław,temperature,24
2021-09-01 19:32:46,536 - INFO --- Logger - Msg: SENT,Wrocław,/HYG,HYG,Wrocław,humidity,51
2021-09-01 19:32:46,545 - INFO --- Logger - Msg: RECEIVED,Wrocław,/HYG,HYG,Wrocław,temperature,24
2021-09-01 19:32:46,556 - INFO --- Logger - Msg: RECEIVED,Wrocław,/HYG,HYG,Wrocław,humidity,51
2021-09-01 19:32:47,539 - INFO --- Logger - Msg: SENT,Wrocław,/HYG,HYG,Wrocław,temperature,24
2021-09-01 19:32:47,541 - INFO --- Logger - Msg: SENT,Wrocław,/HYG,HYG,Wrocław,humidity,51
2021-09-01 19:32:47,559 - INFO --- Logger - Msg: RECEIVED,Wrocław,/HYG,HYG,Wrocław,temperature,24
2021-09-01 19:32:47,576 - INFO --- Logger - Msg: RECEIVED,Wrocław,/HYG,HYG,Wrocław,humidity,51
2021-09-01 19:32:48,801 - INFO --- Logger - Msg: SENT,Wrocław,/HYG,HYG,Wrocław,temperature,24
2021-09-01 19:32:48,806 - INFO --- Logger - Msg: SENT,Wrocław,/HYG,HYG,Wrocław,humidity,51
2021-09-01 19:32:48,814 - INFO --- Logger - Msg: RECEIVED,Wrocław,/HYG,HYG,Wrocław,temperature,24
2021-09-01 19:32:48,826 - INFO --- Logger - Msg: RECEIVED,Wrocław,/HYG,HYG,Wrocław,humidity,51
2021-09-01 19:32:49,810 - INFO --- Logger - Msg: SENT,Wrocław,/HYG,HYG,Wrocław,temperature,24
2021-09-01 19:32:49,812 - INFO --- Logger - Msg: SENT,Wrocław,/HYG,HYG,Wrocław,humidity,51
2021-09-01 19:32:49,832 - INFO --- Logger - Msg: RECEIVED,Wrocław,/HYG,HYG,Wrocław,temperature,24
2021-09-01 19:32:49,853 - INFO --- Logger - Msg: RECEIVED,Wrocław,/HYG,HYG,Wrocław,humidity,51
2021-09-01 19:32:51,071 - INFO --- Logger - Msg: SENT,Wrocław,/HYG,HYG,Wrocław,temperature,24
2021-09-01 19:32:51,075 - INFO --- Logger - Msg: SENT,Wrocław,/HYG,HYG,Wrocław,humidity,51
2021-09-01 19:32:51,082 - INFO --- Logger - Msg: RECEIVED,Wrocław,/HYG,HYG,Wrocław,temperature,24
2021-09-01 19:32:51,099 - INFO --- Logger - Msg: RECEIVED,Wrocław,/HYG,HYG,Wrocław,humidity,51
2021-09-01 19:32:52,078 - INFO --- Logger - Msg: SENT,Wrocław,/HYG,HYG,Wrocław,temperature,24
2021-09-01 19:32:52,079 - INFO --- Logger - Msg: SENT,Wrocław,/HYG,HYG,Wrocław,humidity,51
2021-09-01 19:32:52,094 - INFO --- Logger - Msg: RECEIVED,Wrocław,/HYG,HYG,Wrocław,temperature,24
2021-09-01 19:32:52,105 - INFO --- Logger - Msg: RECEIVED,Wrocław,/HYG,HYG,Wrocław,humidity,51
2021-09-01 19:32:53,341 - INFO --- Logger - Msg: SENT,Wrocław,/HYG,HYG,Wrocław,temperature,24
2021-09-01 19:32:53,345 - INFO --- Logger - Msg: SENT,Wrocław,/HYG,HYG,Wrocław,humidity,51
2021-09-01 19:32:53,354 - INFO --- Logger - Msg: RECEIVED,Wrocław,/HYG,HYG,Wrocław,temperature,24
2021-09-01 19:32:53,366 - INFO --- Logger - Msg: RECEIVED,Wrocław,/HYG,HYG,Wrocław,humidity,51
2021-09-01 19:32:54,348 - INFO --- Logger - Msg: SENT,Wrocław,/HYG,HYG,Wrocław,temperature,24
2021-09-01 19:32:54,350 - INFO --- Logger - Msg: SENT,Wrocław,/HYG,HYG,Wrocław,humidity,51
2021-09-01 19:32:54,364 - INFO --- Logger - Msg: RECEIVED,Wrocław,/HYG,HYG,Wrocław,temperature,24
2021-09-01 19:32:54,377 - INFO --- Logger - Msg: RECEIVED,Wrocław,/HYG,HYG,Wrocław,humidity,51
2021-09-01 19:32:55,609 - INFO --- Logger - Msg: SENT,Wrocław,/HYG,HYG,Wrocław,temperature,24
2021-09-01 19:32:55,613 - INFO --- Logger - Msg: SENT,Wrocław,/HYG,HYG,Wrocław,humidity,51
2021-09-01 19:32:55,622 - INFO --- Logger - Msg: RECEIVED,Wrocław,/HYG,HYG,Wrocław,temperature,24
2021-09-01 19:32:55,633 - INFO --- Logger - Msg: RECEIVED,Wrocław,/HYG,HYG,Wrocław,humidity,51
2021-09-01 19:32:56,618 - INFO --- Logger - Msg: SENT,Wrocław,/HYG,HYG,Wrocław,temperature,24
2021-09-01 19:32:56,625 - INFO --- Logger - Msg: SENT,Wrocław,/HYG,HYG,Wrocław,humidity,51
2021-09-01 19:32:56,637 - INFO --- Logger - Msg: RECEIVED,Wrocław,/HYG,HYG,Wrocław,temperature,24
2021-09-01 19:32:56,654 - INFO --- Logger - Msg: RECEIVED,Wrocław,/HYG,HYG,Wrocław,humidity,51
2021-09-01 19:32:57,885 - INFO --- Logger - Msg: SENT,Wrocław,/HYG,HYG,Wrocław,temperature,24
2021-09-01 19:32:57,890 - INFO --- Logger - Msg: SENT,Wrocław,/HYG,HYG,Wrocław,humidity,51
2021-09-01 19:32:57,898 - INFO --- Logger - Msg: RECEIVED,Wrocław,/HYG,HYG,Wrocław,temperature,24
2021-09-01 19:32:57,911 - INFO --- Logger - Msg: RECEIVED,Wrocław,/HYG,HYG,Wrocław,humidity,51
2021-09-01 19:32:58,892 - INFO --- Logger - Msg: SENT,Wrocław,/HYG,HYG,Wrocław,temperature,24
2021-09-01 19:32:58,899 - INFO --- Logger - Msg: SENT,Wrocław,/HYG,HYG,Wrocław,humidity,51
2021-09-01 19:32:58,910 - INFO --- Logger - Msg: RECEIVED,Wrocław,/HYG,HYG,Wrocław,temperature,24
2021-09-01 19:32:58,926 - INFO --- Logger - Msg: RECEIVED,Wrocław,/HYG,HYG,Wrocław,humidity,51
2021-09-01 19:33:01,159 - INFO --- Logger - Msg: SENT,Wrocław,/HYG,HYG,Wrocław,temperature,24
2021-09-01 19:33:01,167 - INFO --- Logger - Msg: SENT,Wrocław,/HYG,HYG,Wrocław,humidity,51
2021-09-01 19:33:01,177 - INFO --- Logger - Msg: RECEIVED,Wrocław,/HYG,HYG,Wrocław,temperature,24
2021-09-01 19:33:01,196 - INFO --- Logger - Msg: RECEIVED,Wrocław,/HYG,HYG,Wrocław,humidity,51
2021-09-01 19:33:02,425 - INFO --- Logger - Msg: SENT,Wrocław,/HYG,HYG,Wrocław,temperature,24
2021-09-01 19:33:02,429 - INFO --- Logger - Msg: SENT,Wrocław,/HYG,HYG,Wrocław,humidity,51
2021-09-01 19:33:02,440 - INFO --- Logger - Msg: RECEIVED,Wrocław,/HYG,HYG,Wrocław,temperature,24
2021-09-01 19:33:02,452 - INFO --- Logger - Msg: RECEIVED,Wrocław,/HYG,HYG,Wrocław,humidity,51
2021-09-01 19:33:03,432 - INFO --- Logger - Msg: SENT,Wrocław,/HYG,HYG,Wrocław,temperature,24
2021-09-01 19:33:03,436 - INFO --- Logger - Msg: SENT,Wrocław,/HYG,HYG,Wrocław,humidity,51
2021-09-01 19:33:03,446 - INFO --- Logger - Msg: RECEIVED,Wrocław,/HYG,HYG,Wrocław,temperature,24
2021-09-01 19:33:03,456 - INFO --- Logger - Msg: RECEIVED,Wrocław,/HYG,HYG,Wrocław,humidity,51
2021-09-01 19:33:04,696 - INFO --- Logger - Msg: SENT,Wrocław,/HYG,HYG,Wrocław,temperature,24
2021-09-01 19:33:04,700 - INFO --- Logger - Msg: SENT,Wrocław,/HYG,HYG,Wrocław,humidity,51
2021-09-01 19:33:04,708 - INFO --- Logger - Msg: RECEIVED,Wrocław,/HYG,HYG,Wrocław,temperature,24
2021-09-01 19:33:04,719 - INFO --- Logger - Msg: RECEIVED,Wrocław,/HYG,HYG,Wrocław,humidity,51
2021-09-01 19:33:05,702 - INFO --- Logger - Msg: SENT,Wrocław,/HYG,HYG,Wrocław,temperature,24
2021-09-01 19:33:05,706 - INFO --- Logger - Msg: SENT,Wrocław,/HYG,HYG,Wrocław,humidity,51
2021-09-01 19:33:05,715 - INFO --- Logger - Msg: RECEIVED,Wrocław,/HYG,HYG,Wrocław,temperature,24
2021-09-01 19:33:05,735 - INFO --- Logger - Msg: RECEIVED,Wrocław,/HYG,HYG,Wrocław,humidity,51
2021-09-01 19:33:06,966 - INFO --- Logger - Msg: SENT,Wrocław,/HYG,HYG,Wrocław,temperature,24
2021-09-01 19:33:06,967 - INFO --- Logger - Msg: SENT,Wrocław,/HYG,HYG,Wrocław,humidity,51
2021-09-01 19:33:06,989 - INFO --- Logger - Msg: RECEIVED,Wrocław,/HYG,HYG,Wrocław,temperature,24
2021-09-01 19:33:07,010 - INFO --- Logger - Msg: RECEIVED,Wrocław,/HYG,HYG,Wrocław,humidity,51
2021-09-01 19:33:07,973 - INFO --- Logger - Msg: SENT,Wrocław,/HYG,HYG,Wrocław,temperature,24
2021-09-01 19:33:07,977 - INFO --- Logger - Msg: SENT,Wrocław,/HYG,HYG,Wrocław,humidity,51
2021-09-01 19:33:07,986 - INFO --- Logger - Msg: RECEIVED,Wrocław,/HYG,HYG,Wrocław,temperature,24
2021-09-01 19:33:08,000 - INFO --- Logger - Msg: RECEIVED,Wrocław,/HYG,HYG,Wrocław,humidity,51
2021-09-01 19:33:09,238 - INFO --- Logger - Msg: SENT,Wrocław,/HYG,HYG,Wrocław,temperature,24
2021-09-01 19:33:09,242 - INFO --- Logger - Msg: SENT,Wrocław,/HYG,HYG,Wrocław,humidity,51
2021-09-01 19:33:09,251 - INFO --- Logger - Msg: RECEIVED,Wrocław,/HYG,HYG,Wrocław,temperature,24
2021-09-01 19:33:09,263 - INFO --- Logger - Msg: RECEIVED,Wrocław,/HYG,HYG,Wrocław,humidity,51
2021-09-01 19:33:10,244 - INFO --- Logger - Msg: SENT,Wrocław,/HYG,HYG,Wrocław,temperature,24
2021-09-01 19:33:10,249 - INFO --- Logger - Msg: SENT,Wrocław,/HYG,HYG,Wrocław,humidity,51
2021-09-01 19:33:10,258 - INFO --- Logger - Msg: RECEIVED,Wrocław,/HYG,HYG,Wrocław,temperature,24
2021-09-01 19:33:10,272 - INFO --- Logger - Msg: RECEIVED,Wrocław,/HYG,HYG,Wrocław,humidity,51
2021-09-01 19:33:11,510 - INFO --- Logger - Msg: SENT,Wrocław,/HYG,HYG,Wrocław,temperature,24
2021-09-01 19:33:11,514 - INFO --- Logger - Msg: SENT,Wrocław,/HYG,HYG,Wrocław,humidity,52
2021-09-01 19:33:11,524 - INFO --- Logger - Msg: RECEIVED,Wrocław,/HYG,HYG,Wrocław,temperature,24
2021-09-01 19:33:11,536 - INFO --- Logger - Msg: RECEIVED,Wrocław,/HYG,HYG,Wrocław,humidity,52
2021-09-01 19:33:12,518 - INFO --- Logger - Msg: SENT,Wrocław,/HYG,HYG,Wrocław,temperature,24
2021-09-01 19:33:12,523 - INFO --- Logger - Msg: SENT,Wrocław,/HYG,HYG,Wrocław,humidity,52
2021-09-01 19:33:12,531 - INFO --- Logger - Msg: RECEIVED,Wrocław,/HYG,HYG,Wrocław,temperature,24
2021-09-01 19:33:12,544 - INFO --- Logger - Msg: RECEIVED,Wrocław,/HYG,HYG,Wrocław,humidity,52
2021-09-01 19:33:13,782 - INFO --- Logger - Msg: SENT,Wrocław,/HYG,HYG,Wrocław,temperature,24
2021-09-01 19:33:13,788 - INFO --- Logger - Msg: SENT,Wrocław,/HYG,HYG,Wrocław,humidity,51
2021-09-01 19:33:13,797 - INFO --- Logger - Msg: RECEIVED,Wrocław,/HYG,HYG,Wrocław,temperature,24
2021-09-01 19:33:13,809 - INFO --- Logger - Msg: RECEIVED,Wrocław,/HYG,HYG,Wrocław,humidity,51
2021-09-01 19:33:14,791 - INFO --- Logger - Msg: SENT,Wrocław,/HYG,HYG,Wrocław,temperature,24
2021-09-01 19:33:14,795 - INFO --- Logger - Msg: SENT,Wrocław,/HYG,HYG,Wrocław,humidity,51
2021-09-01 19:33:14,804 - INFO --- Logger - Msg: RECEIVED,Wrocław,/HYG,HYG,Wrocław,temperature,24
2021-09-01 19:33:14,818 - INFO --- Logger - Msg: RECEIVED,Wrocław,/HYG,HYG,Wrocław,humidity,51
2021-09-01 19:33:16,055 - INFO --- Logger - Msg: SENT,Wrocław,/HYG,HYG,Wrocław,temperature,24
2021-09-01 19:33:16,059 - INFO --- Logger - Msg: SENT,Wrocław,/HYG,HYG,Wrocław,humidity,52
2021-09-01 19:33:16,068 - INFO --- Logger - Msg: RECEIVED,Wrocław,/HYG,HYG,Wrocław,temperature,24
2021-09-01 19:33:16,078 - INFO --- Logger - Msg: RECEIVED,Wrocław,/HYG,HYG,Wrocław,humidity,52
2021-09-01 19:33:17,062 - INFO --- Logger - Msg: SENT,Wrocław,/HYG,HYG,Wrocław,temperature,24
2021-09-01 19:33:17,070 - INFO --- Logger - Msg: SENT,Wrocław,/HYG,HYG,Wrocław,humidity,52
2021-09-01 19:33:17,082 - INFO --- Logger - Msg: RECEIVED,Wrocław,/HYG,HYG,Wrocław,temperature,24
2021-09-01 19:33:17,099 - INFO --- Logger - Msg: RECEIVED,Wrocław,/HYG,HYG,Wrocław,humidity,52
2021-09-01 19:33:19,332 - INFO --- Logger - Msg: SENT,Wrocław,/HYG,HYG,Wrocław,temperature,24
2021-09-01 19:33:19,341 - INFO --- Logger - Msg: SENT,Wrocław,/HYG,HYG,Wrocław,humidity,52
2021-09-01 19:33:19,350 - INFO --- Logger - Msg: RECEIVED,Wrocław,/HYG,HYG,Wrocław,temperature,24
2021-09-01 19:33:19,367 - INFO --- Logger - Msg: RECEIVED,Wrocław,/HYG,HYG,Wrocław,humidity,52
2021-09-01 19:33:21,604 - INFO --- Logger - Msg: SENT,Wrocław,/HYG,HYG,Wrocław,temperature,24
2021-09-01 19:33:21,612 - INFO --- Logger - Msg: SENT,Wrocław,/HYG,HYG,Wrocław,humidity,52
2021-09-01 19:33:21,625 - INFO --- Logger - Msg: RECEIVED,Wrocław,/HYG,HYG,Wrocław,temperature,24
2021-09-01 19:33:21,643 - INFO --- Logger - Msg: RECEIVED,Wrocław,/HYG,HYG,Wrocław,humidity,52
2021-09-01 19:33:23,873 - INFO --- Logger - Msg: SENT,Wrocław,/HYG,HYG,Wrocław,temperature,24
2021-09-01 19:33:23,877 - INFO --- Logger - Msg: SENT,Wrocław,/HYG,HYG,Wrocław,humidity,52
2021-09-01 19:33:23,886 - INFO --- Logger - Msg: RECEIVED,Wrocław,/HYG,HYG,Wrocław,temperature,24
2021-09-01 19:33:23,902 - INFO --- Logger - Msg: RECEIVED,Wrocław,/HYG,HYG,Wrocław,humidity,52
2021-09-01 19:33:25,135 - INFO --- Logger - Msg: SENT,Wrocław,/HYG,HYG,Wrocław,temperature,24
2021-09-01 19:33:25,139 - INFO --- Logger - Msg: SENT,Wrocław,/HYG,HYG,Wrocław,humidity,52
2021-09-01 19:33:25,151 - INFO --- Logger - Msg: RECEIVED,Wrocław,/HYG,HYG,Wrocław,temperature,24
2021-09-01 19:33:25,161 - INFO --- Logger - Msg: RECEIVED,Wrocław,/HYG,HYG,Wrocław,humidity,52
2021-09-01 19:33:26,143 - INFO --- Logger - Msg: SENT,Wrocław,/HYG,HYG,Wrocław,temperature,24
2021-09-01 19:33:26,152 - INFO --- Logger - Msg: SENT,Wrocław,/HYG,HYG,Wrocław,humidity,52
2021-09-01 19:33:26,162 - INFO --- Logger - Msg: RECEIVED,Wrocław,/HYG,HYG,Wrocław,temperature,24
2021-09-01 19:33:26,181 - INFO --- Logger - Msg: RECEIVED,Wrocław,/HYG,HYG,Wrocław,humidity,52
2021-09-01 19:33:27,412 - INFO --- Logger - Msg: SENT,Wrocław,/HYG,HYG,Wrocław,temperature,24
2021-09-01 19:33:27,416 - INFO --- Logger - Msg: SENT,Wrocław,/HYG,HYG,Wrocław,humidity,52
2021-09-01 19:33:27,426 - INFO --- Logger - Msg: RECEIVED,Wrocław,/HYG,HYG,Wrocław,temperature,24
2021-09-01 19:33:27,436 - INFO --- Logger - Msg: RECEIVED,Wrocław,/HYG,HYG,Wrocław,humidity,52
2021-09-01 19:33:28,419 - INFO --- Logger - Msg: SENT,Wrocław,/HYG,HYG,Wrocław,temperature,24
2021-09-01 19:33:28,425 - INFO --- Logger - Msg: SENT,Wrocław,/HYG,HYG,Wrocław,humidity,52
2021-09-01 19:33:28,432 - INFO --- Logger - Msg: RECEIVED,Wrocław,/HYG,HYG,Wrocław,temperature,24
2021-09-01 19:33:28,442 - INFO --- Logger - Msg: RECEIVED,Wrocław,/HYG,HYG,Wrocław,humidity,52
2021-09-01 19:33:30,684 - INFO --- Logger - Msg: SENT,Wrocław,/HYG,HYG,Wrocław,temperature,24
2021-09-01 19:33:30,694 - INFO --- Logger - Msg: SENT,Wrocław,/HYG,HYG,Wrocław,humidity,52
2021-09-01 19:33:30,704 - INFO --- Logger - Msg: RECEIVED,Wrocław,/HYG,HYG,Wrocław,temperature,24
2021-09-01 19:33:30,723 - INFO --- Logger - Msg: RECEIVED,Wrocław,/HYG,HYG,Wrocław,humidity,52
2021-09-01 19:33:31,952 - INFO --- Logger - Msg: SENT,Wrocław,/HYG,HYG,Wrocław,temperature,24
2021-09-01 19:33:31,954 - INFO --- Logger - Msg: SENT,Wrocław,/HYG,HYG,Wrocław,humidity,52
2021-09-01 19:33:31,967 - INFO --- Logger - Msg: RECEIVED,Wrocław,/HYG,HYG,Wrocław,temperature,24
2021-09-01 19:33:31,980 - INFO --- Logger - Msg: RECEIVED,Wrocław,/HYG,HYG,Wrocław,humidity,52
2021-09-01 19:33:32,959 - INFO --- Logger - Msg: SENT,Wrocław,/HYG,HYG,Wrocław,temperature,24
2021-09-01 19:33:32,961 - INFO --- Logger - Msg: SENT,Wrocław,/HYG,HYG,Wrocław,humidity,52
2021-09-01 19:33:32,978 - INFO --- Logger - Msg: RECEIVED,Wrocław,/HYG,HYG,Wrocław,temperature,24
2021-09-01 19:33:32,996 - INFO --- Logger - Msg: RECEIVED,Wrocław,/HYG,HYG,Wrocław,humidity,52
2021-09-01 19:33:35,222 - INFO --- Logger - Msg: SENT,Wrocław,/HYG,HYG,Wrocław,temperature,24
2021-09-01 19:33:35,226 - INFO --- Logger - Msg: SENT,Wrocław,/HYG,HYG,Wrocław,humidity,52
2021-09-01 19:33:35,234 - INFO --- Logger - Msg: RECEIVED,Wrocław,/HYG,HYG,Wrocław,temperature,24
2021-09-01 19:33:35,244 - INFO --- Logger - Msg: RECEIVED,Wrocław,/HYG,HYG,Wrocław,humidity,52
2021-09-01 19:33:36,485 - INFO --- Logger - Msg: SENT,Wrocław,/HYG,HYG,Wrocław,temperature,24
2021-09-01 19:33:36,489 - INFO --- Logger - Msg: SENT,Wrocław,/HYG,HYG,Wrocław,humidity,52
2021-09-01 19:33:36,498 - INFO --- Logger - Msg: RECEIVED,Wrocław,/HYG,HYG,Wrocław,temperature,24
2021-09-01 19:33:36,509 - INFO --- Logger - Msg: RECEIVED,Wrocław,/HYG,HYG,Wrocław,humidity,52
2021-09-01 19:33:37,492 - INFO --- Logger - Msg: SENT,Wrocław,/HYG,HYG,Wrocław,temperature,24
2021-09-01 19:33:37,499 - INFO --- Logger - Msg: SENT,Wrocław,/HYG,HYG,Wrocław,humidity,52
2021-09-01 19:33:37,514 - INFO --- Logger - Msg: RECEIVED,Wrocław,/HYG,HYG,Wrocław,temperature,24
2021-09-01 19:33:37,534 - INFO --- Logger - Msg: RECEIVED,Wrocław,/HYG,HYG,Wrocław,humidity,52
2021-09-01 19:33:38,759 - INFO --- Logger - Msg: SENT,Wrocław,/HYG,HYG,Wrocław,temperature,24
2021-09-01 19:33:38,763 - INFO --- Logger - Msg: SENT,Wrocław,/HYG,HYG,Wrocław,humidity,52
2021-09-01 19:33:38,772 - INFO --- Logger - Msg: RECEIVED,Wrocław,/HYG,HYG,Wrocław,temperature,24
2021-09-01 19:33:38,783 - INFO --- Logger - Msg: RECEIVED,Wrocław,/HYG,HYG,Wrocław,humidity,52
2021-09-01 19:33:39,768 - INFO --- Logger - Msg: SENT,Wrocław,/HYG,HYG,Wrocław,temperature,24
2021-09-01 19:33:39,775 - INFO --- Logger - Msg: SENT,Wrocław,/HYG,HYG,Wrocław,humidity,52
2021-09-01 19:33:39,787 - INFO --- Logger - Msg: RECEIVED,Wrocław,/HYG,HYG,Wrocław,temperature,24
2021-09-01 19:33:39,806 - INFO --- Logger - Msg: RECEIVED,Wrocław,/HYG,HYG,Wrocław,humidity,52
2021-09-01 19:33:41,036 - INFO --- Logger - Msg: SENT,Wrocław,/HYG,HYG,Wrocław,temperature,24
2021-09-01 19:33:41,041 - INFO --- Logger - Msg: SENT,Wrocław,/HYG,HYG,Wrocław,humidity,52
2021-09-01 19:33:41,048 - INFO --- Logger - Msg: RECEIVED,Wrocław,/HYG,HYG,Wrocław,temperature,24
2021-09-01 19:33:41,060 - INFO --- Logger - Msg: RECEIVED,Wrocław,/HYG,HYG,Wrocław,humidity,52
2021-09-01 19:33:42,047 - INFO --- Logger - Msg: SENT,Wrocław,/HYG,HYG,Wrocław,temperature,24
2021-09-01 19:33:42,049 - INFO --- Logger - Msg: SENT,Wrocław,/HYG,HYG,Wrocław,humidity,52
2021-09-01 19:33:42,067 - INFO --- Logger - Msg: RECEIVED,Wrocław,/HYG,HYG,Wrocław,temperature,24
2021-09-01 19:33:42,085 - INFO --- Logger - Msg: RECEIVED,Wrocław,/HYG,HYG,Wrocław,humidity,52
2021-09-01 19:33:43,314 - INFO --- Logger - Msg: SENT,Wrocław,/HYG,HYG,Wrocław,temperature,24
2021-09-01 19:33:43,318 - INFO --- Logger - Msg: SENT,Wrocław,/HYG,HYG,Wrocław,humidity,52
2021-09-01 19:33:43,325 - INFO --- Logger - Msg: RECEIVED,Wrocław,/HYG,HYG,Wrocław,temperature,24
2021-09-01 19:33:43,335 - INFO --- Logger - Msg: RECEIVED,Wrocław,/HYG,HYG,Wrocław,humidity,52
2021-09-01 19:33:44,321 - INFO --- Logger - Msg: SENT,Wrocław,/HYG,HYG,Wrocław,temperature,24
2021-09-01 19:33:44,329 - INFO --- Logger - Msg: SENT,Wrocław,/HYG,HYG,Wrocław,humidity,52
2021-09-01 19:33:44,341 - INFO --- Logger - Msg: RECEIVED,Wrocław,/HYG,HYG,Wrocław,temperature,24
2021-09-01 19:33:44,357 - INFO --- Logger - Msg: RECEIVED,Wrocław,/HYG,HYG,Wrocław,humidity,52
2021-09-01 19:33:45,589 - INFO --- Logger - Msg: SENT,Wrocław,/HYG,HYG,Wrocław,temperature,24
2021-09-01 19:33:45,592 - INFO --- Logger - Msg: SENT,Wrocław,/HYG,HYG,Wrocław,humidity,51
2021-09-01 19:33:45,601 - INFO --- Logger - Msg: RECEIVED,Wrocław,/HYG,HYG,Wrocław,temperature,24
2021-09-01 19:33:45,612 - INFO --- Logger - Msg: RECEIVED,Wrocław,/HYG,HYG,Wrocław,humidity,51
2021-09-01 19:33:46,595 - INFO --- Logger - Msg: SENT,Wrocław,/HYG,HYG,Wrocław,temperature,24
2021-09-01 19:33:46,599 - INFO --- Logger - Msg: SENT,Wrocław,/HYG,HYG,Wrocław,humidity,51
2021-09-01 19:33:46,607 - INFO --- Logger - Msg: RECEIVED,Wrocław,/HYG,HYG,Wrocław,temperature,24
2021-09-01 19:33:46,618 - INFO --- Logger - Msg: RECEIVED,Wrocław,/HYG,HYG,Wrocław,humidity,51
